Reading supercells...
Initializing random supercells...
Initialization done.
Objective_function= -1.958033
Correlations_mismatch= 	0.140625	-0.026042	-0.067708	-0.140625	0.005208	0.008464	0.029297	-0.033203	-0.007161	0.008464	-0.033203	-0.043620	-0.001953
Objective_function= -1.963442
Correlations_mismatch= 	0.015625	-0.067708	-0.036458	-0.057292	0.015625	-0.054036	-0.033203	-0.064453	-0.001953	0.029297	-0.033203	-0.043620	-0.022786
Objective_function= -1.973057
Correlations_mismatch= 	0.015625	-0.026042	0.015625	0.026042	-0.046875	-0.074870	-0.033203	-0.033203	-0.001953	-0.012370	0.029297	-0.022786	-0.012370
Objective_function= -1.974159
Correlations_mismatch= 	0.015625	-0.067708	0.005208	-0.015625	-0.005208	-0.074870	-0.001953	-0.033203	0.029297	0.050130	-0.001953	-0.012370	-0.022786
Objective_function= -1.978365
Correlations_mismatch= 	-0.015625	0.005208	-0.005208	-0.098958	-0.005208	-0.001953	-0.033203	0.029297	0.003255	-0.043620	0.018880	0.018880	-0.001953
Objective_function= -1.980869
Correlations_mismatch= 	-0.046875	0.015625	0.026042	-0.015625	-0.005208	-0.012370	-0.001953	0.029297	-0.001953	-0.012370	0.029297	0.050130	-0.001953
Objective_function= -1.983974
Correlations_mismatch= 	-0.015625	0.015625	0.026042	-0.015625	0.005208	-0.033203	-0.001953	-0.001953	-0.007161	0.008464	0.008464	0.060547	0.008464
Objective_function= -1.984175
Correlations_mismatch= 	-0.046875	-0.005208	-0.026042	-0.015625	-0.026042	-0.012370	-0.001953	-0.001953	-0.038411	-0.012370	0.008464	0.008464	-0.001953
Objective_function= -1.984776
Correlations_mismatch= 	-0.015625	-0.036458	0.005208	-0.015625	-0.026042	-0.043620	0.029297	-0.001953	0.003255	-0.001953	0.008464	0.008464	-0.001953
Objective_function= -1.984876
Correlations_mismatch= 	0.015625	-0.005208	0.015625	0.026042	-0.005208	0.050130	-0.001953	-0.001953	0.008464	-0.012370	0.018880	-0.022786	-0.012370
Objective_function= -1.985076
Correlations_mismatch= 	-0.015625	-0.005208	0.005208	0.026042	0.015625	0.008464	-0.033203	-0.001953	0.003255	-0.033203	0.008464	0.029297	0.008464
