Reading supercells...
Initializing random supercells...
Initialization done.
Objective_function= -1.962841
Correlations_mismatch= 	0.015625	0.015625	-0.046875	-0.057292	0.005208	0.008464	-0.001953	-0.095703	-0.027995	0.112630	-0.043620	-0.033203	0.018880
Objective_function= -1.962941
Correlations_mismatch= 	-0.140625	-0.026042	-0.005208	0.026042	0.026042	-0.033203	0.029297	-0.064453	-0.054036	-0.012370	0.050130	-0.012370	-0.001953
Objective_function= -1.963642
Correlations_mismatch= 	-0.078125	0.015625	-0.026042	0.026042	0.046875	-0.012370	0.091797	0.029297	-0.027995	-0.054036	0.018880	-0.043620	-0.001953
Objective_function= -1.966847
Correlations_mismatch= 	0.015625	-0.046875	-0.015625	-0.057292	0.046875	0.050130	0.029297	-0.033203	-0.017578	-0.033203	0.008464	-0.064453	-0.012370
Objective_function= -1.976963
Correlations_mismatch= 	0.015625	-0.015625	-0.005208	-0.015625	0.036458	0.060547	-0.033203	-0.001953	-0.007161	-0.022786	0.018880	-0.054036	-0.012370
Objective_function= -1.977664
Correlations_mismatch= 	-0.015625	-0.036458	0.005208	-0.015625	0.026042	0.018880	0.060547	-0.033203	-0.012370	-0.001953	0.029297	-0.033203	-0.001953
Objective_function= -1.978866
Correlations_mismatch= 	0.015625	0.005208	-0.005208	-0.057292	-0.046875	-0.043620	-0.001953	0.029297	0.024089	-0.022786	0.008464	-0.012370	-0.001953
Objective_function= -1.979167
Correlations_mismatch= 	-0.015625	0.036458	-0.005208	-0.015625	-0.046875	0.029297	0.060547	-0.001953	0.003255	-0.033203	-0.001953	-0.012370	0.008464
Objective_function= -1.980168
Correlations_mismatch= 	0.015625	0.015625	0.005208	0.026042	-0.015625	0.008464	0.029297	-0.064453	-0.001953	0.029297	0.018880	0.018880	0.008464
Objective_function= -1.986879
Correlations_mismatch= 	-0.046875	0.015625	0.015625	-0.015625	-0.005208	0.008464	-0.001953	-0.001953	0.003255	0.029297	-0.012370	-0.012370	-0.001953
