16
0.43301
2
1.00000 1.00000 1.00000 0 0
0.75000 0.75000 1.25000 0 0

48
0.70711
2
1.00000 1.00000 1.00000 0 0
0.50000 1.50000 1.00000 0 0

48
0.82916
2
0.25000 0.25000 0.25000 0 0
0.50000 -0.50000 0.00000 0 0

24
1.00000
2
0.25000 0.75000 0.75000 0 0
1.25000 0.75000 0.75000 0 0

48
1.08972
2
0.25000 0.25000 0.25000 0 0
-0.50000 -0.50000 0.00000 0 0

48
0.70711
3
1.00000 1.00000 1.00000 0 0
0.75000 1.25000 0.75000 0 0
0.50000 1.50000 1.00000 0 0

32
0.70711
3
1.00000 1.00000 1.00000 0 0
0.50000 1.00000 1.50000 0 0
0.50000 1.50000 1.00000 0 0

32
0.70711
3
1.00000 1.00000 1.00000 0 0
1.00000 1.50000 0.50000 0 0
0.50000 1.50000 1.00000 0 0

192
0.82916
3
0.25000 0.25000 0.25000 0 0
0.00000 0.00000 0.00000 0 0
0.50000 -0.50000 0.00000 0 0

48
0.82916
3
0.25000 0.25000 0.25000 0 0
0.75000 0.25000 -0.25000 0 0
0.50000 -0.50000 0.00000 0 0

96
0.82916
3
0.25000 0.25000 0.25000 0 0
-0.25000 -0.25000 0.25000 0 0
0.50000 -0.50000 0.00000 0 0

96
1.00000
3
0.25000 0.75000 0.75000 0 0
0.50000 0.50000 1.00000 0 0
1.25000 0.75000 0.75000 0 0

96
1.00000
3
0.25000 0.75000 0.75000 0 0
0.75000 0.75000 0.25000 0 0
1.25000 0.75000 0.75000 0 0

