Reading supercells...
Initializing random supercells...
Initialization done.
Objective_function= -1.947917
Correlations_mismatch= 	-0.062500	-0.020833	-0.041667	-0.041667	0.000000	-0.083333	-0.093750	-0.031250	-0.062500	-0.062500	-0.020833	-0.114583	-0.041667
Objective_function= -1.958333
Correlations_mismatch= 	-0.093750	0.000000	-0.010417	0.000000	-0.031250	-0.125000	-0.062500	0.031250	-0.031250	-0.041667	0.000000	-0.093750	0.020833
Objective_function= -1.965144
Correlations_mismatch= 	-0.031250	-0.041667	0.020833	0.000000	0.010417	-0.041667	-0.125000	-0.031250	-0.036458	-0.020833	0.020833	-0.041667	-0.031250
Objective_function= -3.224320
Correlations_mismatch= 	0.000000	-0.052083	0.000000	0.041667	0.020833	0.010417	-0.125000	-0.156250	-0.041667	-0.031250	0.000000	-0.010417	-0.010417
Objective_function= -3.242983
Correlations_mismatch= 	0.000000	-0.031250	0.010417	-0.041667	-0.020833	-0.010417	-0.062500	-0.031250	-0.015625	0.010417	0.000000	0.000000	-0.041667
Objective_function= -3.520070
Correlations_mismatch= 	0.000000	0.000000	0.041667	0.041667	-0.041667	0.000000	0.031250	0.062500	0.031250	0.020833	0.020833	0.010417	0.031250
Objective_function= -3.524410
Correlations_mismatch= 	0.000000	0.000000	0.031250	0.041667	-0.020833	0.000000	0.031250	0.031250	0.031250	0.020833	0.000000	0.010417	0.062500
Objective_function= -3.526580
Correlations_mismatch= 	0.000000	0.000000	-0.020833	0.041667	-0.020833	0.041667	0.000000	0.062500	0.005208	-0.020833	-0.010417	-0.010417	-0.020833
Objective_function= -3.529618
Correlations_mismatch= 	0.000000	0.000000	-0.010417	0.041667	-0.031250	0.041667	0.000000	0.062500	0.010417	0.000000	0.000000	0.000000	-0.020833
Objective_function= -4.135716
Correlations_mismatch= 	0.000000	0.000000	0.000000	0.000000	-0.020833	0.000000	0.031250	0.031250	0.020833	-0.041667	0.000000	0.000000	0.020833
Objective_function= -4.202120
Correlations_mismatch= 	0.000000	0.000000	0.000000	0.083333	-0.020833	0.000000	0.000000	0.000000	0.010417	0.020833	0.010417	0.020833	0.010417
Objective_function= -4.411934
Correlations_mismatch= 	0.000000	0.000000	0.000000	0.000000	-0.010417	0.000000	0.000000	0.000000	-0.010417	0.041667	-0.020833	0.031250	-0.041667
Objective_function= -5.135716
Correlations_mismatch= 	0.000000	0.000000	0.000000	0.000000	0.000000	0.000000	0.000000	0.031250	-0.020833	-0.041667	0.031250	0.000000	-0.041667
