Reading supercells...
Initializing random supercells...
Initialization done.
Objective_function= -1.936699
Correlations_mismatch= 	-0.125000	0.010417	-0.031250	-0.083333	0.010417	-0.135417	-0.031250	0.062500	-0.072917	0.031250	-0.062500	-0.145833	-0.020833
Objective_function= -1.942308
Correlations_mismatch= 	-0.125000	0.010417	-0.031250	-0.041667	0.020833	-0.135417	-0.031250	0.062500	-0.072917	0.031250	-0.062500	-0.125000	0.000000
Objective_function= -1.953125
Correlations_mismatch= 	-0.093750	0.000000	-0.010417	-0.083333	0.031250	-0.083333	0.031250	0.000000	-0.067708	0.020833	-0.031250	-0.104167	-0.052083
Objective_function= -1.954327
Correlations_mismatch= 	-0.125000	-0.010417	0.041667	0.000000	-0.020833	-0.135417	0.031250	0.000000	-0.052083	0.093750	-0.010417	-0.052083	-0.020833
Objective_function= -1.968349
Correlations_mismatch= 	-0.031250	0.010417	-0.010417	0.041667	-0.031250	-0.031250	0.031250	-0.031250	-0.036458	0.010417	-0.072917	0.020833	0.052083
Objective_function= -1.973558
Correlations_mismatch= 	0.062500	0.000000	0.031250	0.000000	-0.031250	0.083333	0.000000	-0.031250	0.010417	0.000000	0.020833	0.041667	0.031250
Objective_function= -3.236906
Correlations_mismatch= 	0.000000	-0.031250	0.020833	0.083333	-0.010417	-0.010417	-0.031250	-0.031250	-0.005208	-0.031250	0.020833	0.041667	0.031250
Objective_function= -3.535695
Correlations_mismatch= 	0.000000	0.000000	0.010417	0.000000	0.000000	0.041667	0.000000	0.031250	0.010417	0.041667	0.000000	0.010417	0.000000
Objective_function= -3.926335
Correlations_mismatch= 	0.000000	0.000000	0.000000	0.041667	0.020833	0.000000	0.031250	0.000000	-0.005208	0.041667	-0.010417	0.010417	0.031250
Objective_function= -4.135716
Correlations_mismatch= 	0.000000	0.000000	0.000000	0.000000	-0.031250	0.000000	0.031250	0.000000	-0.020833	0.041667	0.010417	-0.020833	-0.010417
Objective_function= -4.139188
Correlations_mismatch= 	0.000000	0.000000	0.000000	0.000000	-0.010417	-0.020833	-0.031250	0.000000	0.000000	-0.020833	0.000000	0.020833	0.020833
Objective_function= -5.132244
Correlations_mismatch= 	0.000000	0.000000	0.000000	0.000000	0.000000	-0.020833	-0.062500	-0.062500	0.000000	-0.020833	-0.010417	0.020833	0.010417
Objective_function= -5.135282
Correlations_mismatch= 	0.000000	0.000000	0.000000	0.000000	0.000000	-0.020833	0.031250	0.031250	-0.005208	0.041667	0.010417	0.020833	0.010417
Objective_function= -5.136150
Correlations_mismatch= 	0.000000	0.000000	0.000000	0.000000	0.000000	0.000000	0.000000	0.062500	0.005208	-0.041667	-0.020833	0.020833	0.010417
Objective_function= -5.139622
Correlations_mismatch= 	0.000000	0.000000	0.000000	0.000000	0.000000	0.000000	0.000000	0.062500	-0.005208	-0.020833	0.020833	0.010417	0.000000
