Reading supercells...
Initializing random supercells...
Initialization done.
Objective_function= -1.966747
Correlations_mismatch= 	-0.031250	-0.010417	0.062500	-0.041667	-0.020833	-0.010417	-0.031250	0.000000	0.015625	0.093750	0.072917	0.000000	-0.041667
Objective_function= -1.980769
Correlations_mismatch= 	0.031250	-0.010417	0.010417	-0.041667	0.000000	-0.031250	0.000000	0.000000	0.041667	0.031250	0.000000	0.041667	-0.010417
Objective_function= -3.223018
Correlations_mismatch= 	0.000000	-0.062500	0.041667	0.083333	-0.010417	-0.041667	-0.125000	-0.093750	0.026042	0.000000	0.010417	0.010417	0.010417
Objective_function= -3.239945
Correlations_mismatch= 	0.000000	-0.020833	0.000000	0.000000	-0.020833	-0.062500	-0.031250	-0.093750	0.020833	-0.020833	-0.010417	-0.031250	0.000000
Objective_function= -3.530920
Correlations_mismatch= 	0.000000	0.000000	-0.010417	-0.041667	-0.041667	0.020833	0.000000	0.000000	-0.015625	-0.041667	0.000000	-0.031250	0.000000
Objective_function= -3.533090
Correlations_mismatch= 	0.000000	0.000000	-0.031250	0.000000	-0.020833	0.000000	0.031250	0.000000	-0.020833	-0.020833	-0.031250	-0.010417	0.010417
Objective_function= -4.141358
Correlations_mismatch= 	0.000000	0.000000	0.000000	0.000000	0.010417	0.020833	0.000000	0.031250	0.005208	0.000000	-0.010417	-0.010417	-0.010417
Objective_function= -4.198865
Correlations_mismatch= 	0.000000	0.000000	0.000000	0.083333	-0.031250	0.000000	0.000000	0.000000	0.015625	0.000000	0.041667	0.020833	-0.010417
Objective_function= -5.130073
Correlations_mismatch= 	0.000000	0.000000	0.000000	0.000000	0.000000	0.062500	0.000000	-0.031250	-0.015625	-0.062500	-0.031250	-0.010417	0.020833
Objective_function= -5.140924
Correlations_mismatch= 	0.000000	0.000000	0.000000	0.000000	0.000000	0.000000	0.031250	0.000000	0.000000	-0.020833	-0.020833	-0.020833	-0.010417
