Reading supercells...
Initializing random supercells...
Initialization done.
Objective_function= -1.941907
Correlations_mismatch= 	-0.031250	-0.072917	0.000000	0.125000	-0.010417	0.072917	0.125000	0.125000	0.067708	-0.010417	0.031250	-0.083333	0.000000
Objective_function= -1.947917
Correlations_mismatch= 	-0.062500	-0.062500	0.010417	0.000000	-0.020833	0.083333	0.156250	0.125000	0.072917	0.000000	-0.010417	0.031250	0.041667
Objective_function= -1.954728
Correlations_mismatch= 	-0.062500	-0.010417	-0.020833	-0.083333	-0.010417	0.072917	0.031250	0.031250	0.046875	0.031250	0.020833	0.083333	0.083333
Objective_function= -1.957933
Correlations_mismatch= 	-0.062500	-0.031250	-0.010417	0.000000	0.000000	0.093750	0.062500	0.062500	0.046875	0.052083	0.020833	0.052083	0.052083
Objective_function= -1.971554
Correlations_mismatch= 	-0.031250	-0.020833	-0.010417	0.000000	0.010417	0.041667	0.062500	0.062500	0.026042	0.020833	0.031250	0.031250	0.020833
Objective_function= -3.231698
Correlations_mismatch= 	0.000000	-0.031250	-0.031250	0.000000	0.031250	-0.010417	0.031250	0.093750	0.046875	0.031250	0.031250	0.031250	0.041667
Objective_function= -3.240813
Correlations_mismatch= 	0.000000	0.010417	-0.041667	0.000000	-0.010417	-0.010417	0.000000	0.000000	0.062500	0.072917	0.041667	0.010417	-0.041667
Objective_function= -3.245153
Correlations_mismatch= 	0.000000	0.020833	-0.041667	0.000000	-0.010417	0.000000	-0.062500	-0.062500	0.000000	0.000000	0.020833	0.020833	-0.010417
Objective_function= -3.523976
Correlations_mismatch= 	0.000000	0.000000	-0.020833	-0.041667	0.052083	0.000000	-0.031250	0.000000	-0.005208	0.062500	0.010417	0.052083	0.010417
Objective_function= -3.526580
Correlations_mismatch= 	0.000000	0.000000	0.020833	0.041667	-0.020833	-0.020833	-0.031250	0.000000	-0.005208	-0.062500	-0.010417	-0.031250	-0.010417
Objective_function= -3.806271
Correlations_mismatch= 	0.000000	0.000000	0.010417	0.041667	0.000000	0.000000	0.000000	0.000000	-0.010417	-0.062500	0.010417	-0.020833	-0.031250
Objective_function= -4.138320
Correlations_mismatch= 	0.000000	0.000000	0.000000	0.000000	0.020833	-0.041667	0.000000	0.000000	0.000000	-0.020833	-0.020833	0.010417	-0.020833
Objective_function= -5.136150
Correlations_mismatch= 	0.000000	0.000000	0.000000	0.000000	0.000000	-0.041667	-0.031250	-0.031250	0.005208	-0.020833	0.020833	0.010417	0.000000
Objective_function= -5.140056
Correlations_mismatch= 	0.000000	0.000000	0.000000	0.000000	0.000000	0.000000	-0.031250	0.000000	-0.010417	0.000000	0.031250	0.031250	-0.010417
