Reading supercells...
Initializing random supercells...
Initialization done.
Objective_function= -1.943009
Correlations_mismatch= 	-0.109375	-0.005208	0.057292	-0.057292	-0.005208	0.050130	0.091797	-0.126953	-0.064453	-0.074870	0.039714	0.008464	0.050130
Objective_function= -1.958634
Correlations_mismatch= 	-0.015625	0.046875	0.036458	-0.015625	-0.005208	0.102214	0.060547	-0.064453	-0.027995	-0.043620	0.039714	0.029297	0.050130
Objective_function= -1.966546
Correlations_mismatch= 	0.015625	0.036458	0.026042	0.026042	0.005208	0.070964	0.029297	-0.033203	0.008464	-0.033203	0.039714	0.039714	0.070964
Objective_function= -1.973758
Correlations_mismatch= 	0.015625	-0.005208	0.036458	-0.015625	-0.005208	0.091797	-0.001953	-0.033203	0.029297	0.029297	0.029297	0.018880	0.029297
Objective_function= -1.974459
Correlations_mismatch= 	0.015625	0.026042	0.026042	0.026042	-0.046875	0.060547	0.029297	-0.001953	0.044922	0.018880	0.008464	0.008464	0.018880
Objective_function= -1.980068
Correlations_mismatch= 	-0.015625	-0.015625	0.005208	-0.015625	0.015625	-0.022786	-0.033203	-0.064453	-0.012370	0.018880	-0.001953	0.029297	0.008464
Objective_function= -1.981270
Correlations_mismatch= 	0.015625	0.015625	-0.015625	-0.057292	-0.026042	0.008464	-0.001953	-0.001953	0.013672	-0.012370	-0.033203	-0.001953	0.039714
Objective_function= -1.982772
Correlations_mismatch= 	-0.015625	-0.036458	-0.046875	0.026042	-0.026042	-0.001953	-0.001953	-0.001953	-0.027995	-0.001953	-0.001953	-0.033203	-0.001953
Objective_function= -1.983874
Correlations_mismatch= 	0.015625	-0.026042	0.005208	0.026042	0.005208	-0.012370	0.029297	-0.001953	-0.017578	-0.012370	-0.033203	-0.012370	-0.012370
Objective_function= -1.985777
Correlations_mismatch= 	-0.015625	-0.036458	-0.015625	-0.015625	0.005208	-0.001953	0.029297	0.029297	-0.007161	-0.001953	-0.012370	-0.012370	-0.001953
Objective_function= -1.986779
Correlations_mismatch= 	0.015625	-0.015625	-0.026042	-0.015625	0.015625	0.018880	-0.001953	-0.001953	0.008464	0.018880	-0.012370	0.018880	-0.001953
