Reading supercells...
Initializing random supercells...
Initialization done.
Objective_function= -1.967849
Correlations_mismatch= 	-0.109375	-0.015625	-0.036458	0.026042	-0.046875	-0.001953	-0.001953	-0.033203	-0.038411	0.060547	-0.022786	-0.022786	-0.001953
Objective_function= -1.974760
Correlations_mismatch= 	0.015625	-0.026042	-0.067708	-0.015625	-0.026042	-0.012370	-0.001953	0.029297	-0.012370	0.070964	-0.012370	0.018880	0.018880
Objective_function= -1.976663
Correlations_mismatch= 	-0.015625	0.015625	-0.067708	-0.057292	0.036458	-0.033203	-0.001953	-0.001953	-0.017578	0.008464	-0.022786	-0.012370	-0.012370
Objective_function= -1.977764
Correlations_mismatch= 	-0.046875	-0.036458	0.015625	-0.057292	0.026042	-0.022786	-0.001953	-0.033203	-0.007161	0.018880	0.008464	-0.012370	-0.001953
Objective_function= -1.977965
Correlations_mismatch= 	0.015625	0.005208	0.026042	0.026042	-0.026042	0.018880	-0.001953	0.029297	-0.001953	0.039714	-0.022786	-0.022786	0.050130
Objective_function= -1.979367
Correlations_mismatch= 	0.015625	-0.057292	-0.015625	0.026042	0.005208	-0.001953	-0.001953	-0.001953	-0.038411	-0.001953	-0.043620	0.050130	0.008464
Objective_function= -1.980369
Correlations_mismatch= 	-0.015625	-0.057292	0.005208	-0.015625	-0.036458	-0.001953	-0.064453	-0.001953	-0.017578	-0.001953	-0.012370	-0.022786	-0.001953
Objective_function= -1.981571
Correlations_mismatch= 	-0.015625	-0.046875	0.046875	-0.015625	-0.005208	-0.012370	-0.001953	-0.001953	0.044922	-0.012370	0.018880	0.008464	0.008464
Objective_function= -1.986078
Correlations_mismatch= 	-0.015625	0.005208	-0.015625	-0.015625	0.005208	-0.001953	-0.001953	0.029297	-0.017578	-0.001953	0.018880	-0.043620	0.008464
Objective_function= -1.986779
Correlations_mismatch= 	-0.015625	-0.036458	-0.015625	-0.015625	-0.015625	-0.022786	-0.001953	-0.001953	-0.017578	-0.001953	-0.001953	-0.022786	-0.001953
