Reading supercells...
Initializing random supercells...
Initialization done.
Objective_function= -3.232132
Correlations_mismatch= 	0.000000	-0.031250	-0.010417	0.020833	0.000000	-0.015625	-0.078125	-0.078125	-0.026042	-0.057292	-0.036458	0.015625	-0.036458
Objective_function= -3.241681
Correlations_mismatch= 	0.000000	-0.010417	-0.031250	0.020833	-0.010417	0.005208	-0.046875	-0.015625	-0.026042	-0.057292	-0.057292	-0.005208	-0.005208
Objective_function= -3.242983
Correlations_mismatch= 	0.000000	-0.020833	0.000000	-0.020833	-0.010417	-0.005208	-0.078125	-0.046875	-0.010417	-0.005208	-0.005208	-0.015625	-0.057292
Objective_function= -3.245153
Correlations_mismatch= 	0.000000	0.010417	0.000000	-0.020833	0.000000	0.005208	-0.078125	0.046875	0.005208	-0.015625	0.026042	-0.026042	0.015625
Objective_function= -3.248625
Correlations_mismatch= 	0.000000	0.010417	0.000000	-0.020833	-0.031250	0.005208	0.015625	0.046875	0.005208	0.026042	0.026042	-0.015625	-0.005208
Objective_function= -3.931978
Correlations_mismatch= 	0.000000	0.000000	0.000000	-0.020833	-0.020833	-0.005208	0.015625	0.015625	-0.005208	-0.005208	-0.005208	-0.015625	-0.015625
Objective_function= -3.932412
Correlations_mismatch= 	0.000000	0.000000	0.000000	-0.020833	-0.010417	-0.005208	0.015625	0.015625	0.000000	-0.005208	-0.005208	-0.015625	-0.026042
Objective_function= -3.933280
Correlations_mismatch= 	0.000000	0.000000	0.000000	0.020833	-0.020833	-0.005208	0.015625	0.015625	0.000000	-0.005208	0.005208	0.015625	-0.005208
Objective_function= -3.933714
Correlations_mismatch= 	0.000000	0.000000	0.000000	-0.020833	0.000000	-0.005208	0.015625	0.015625	0.005208	-0.005208	-0.005208	-0.015625	-0.015625
Objective_function= -3.934148
Correlations_mismatch= 	0.000000	0.000000	0.000000	-0.020833	0.000000	-0.005208	-0.015625	-0.015625	0.000000	-0.005208	-0.005208	-0.015625	-0.015625
Objective_function= -3.935016
Correlations_mismatch= 	0.000000	0.000000	0.000000	-0.020833	0.010417	-0.005208	0.015625	-0.015625	0.000000	-0.005208	-0.005208	-0.005208	-0.005208
