Reading supercells...
Initializing random supercells...
Initialization done.
Objective_function= -1.956731
Correlations_mismatch= 	-0.062500	-0.020833	0.020833	-0.020833	0.010417	-0.130208	-0.046875	-0.078125	-0.046875	0.015625	0.015625	-0.046875	-0.046875
Objective_function= -1.966346
Correlations_mismatch= 	-0.062500	-0.010417	0.010417	-0.020833	0.010417	-0.119792	-0.015625	-0.015625	-0.046875	-0.015625	0.015625	-0.057292	-0.036458
Objective_function= -3.241247
Correlations_mismatch= 	0.000000	-0.020833	-0.010417	0.020833	-0.020833	-0.026042	-0.046875	-0.046875	-0.020833	-0.026042	-0.036458	-0.005208	-0.015625
Objective_function= -3.249493
Correlations_mismatch= 	0.000000	-0.010417	0.010417	-0.020833	-0.020833	-0.015625	-0.015625	-0.015625	0.015625	0.026042	-0.005208	-0.015625	-0.026042
Objective_function= -3.533524
Correlations_mismatch= 	0.000000	0.000000	0.010417	-0.020833	-0.010417	-0.005208	0.015625	0.015625	0.020833	0.036458	-0.005208	-0.015625	-0.015625
Objective_function= -3.533958
Correlations_mismatch= 	0.000000	0.000000	0.010417	0.020833	-0.010417	-0.005208	0.015625	0.015625	0.015625	0.036458	0.005208	0.015625	0.015625
Objective_function= -3.534393
Correlations_mismatch= 	0.000000	0.000000	-0.010417	-0.020833	0.010417	0.015625	0.015625	-0.015625	-0.010417	-0.005208	-0.015625	-0.026042	-0.015625
Objective_function= -3.931110
Correlations_mismatch= 	0.000000	0.000000	0.000000	-0.020833	0.010417	0.015625	0.015625	-0.015625	-0.015625	-0.005208	-0.005208	-0.015625	-0.015625
Objective_function= -3.931978
Correlations_mismatch= 	0.000000	0.000000	0.000000	-0.020833	0.000000	0.015625	0.015625	-0.015625	-0.015625	-0.005208	-0.005208	-0.015625	-0.015625
Objective_function= -3.932412
Correlations_mismatch= 	0.000000	0.000000	0.000000	0.020833	0.010417	-0.005208	-0.015625	0.015625	0.000000	0.015625	0.005208	0.015625	0.015625
Objective_function= -3.933714
Correlations_mismatch= 	0.000000	0.000000	0.000000	-0.020833	0.000000	0.015625	0.015625	-0.015625	-0.005208	-0.005208	-0.005208	-0.005208	-0.015625
Objective_function= -3.934148
Correlations_mismatch= 	0.000000	0.000000	0.000000	0.020833	0.010417	0.015625	0.015625	0.015625	0.000000	-0.005208	0.005208	0.005208	0.005208
Objective_function= -3.935884
Correlations_mismatch= 	0.000000	0.000000	0.000000	-0.020833	0.000000	-0.005208	0.015625	-0.015625	0.000000	-0.005208	0.005208	-0.005208	-0.005208
