Reading supercells...
Initializing random supercells...
Initialization done.
Objective_function= -1.945112
Correlations_mismatch= 	0.062500	0.041667	0.062500	-0.020833	-0.052083	-0.046875	0.015625	-0.171875	-0.072917	-0.088542	-0.057292	0.005208	-0.015625
Objective_function= -1.959535
Correlations_mismatch= 	0.062500	0.010417	0.020833	-0.020833	-0.041667	-0.036458	-0.046875	-0.140625	-0.031250	-0.036458	-0.036458	-0.026042	0.015625
Objective_function= -1.964343
Correlations_mismatch= 	0.031250	-0.010417	0.031250	-0.062500	-0.041667	-0.036458	-0.046875	-0.078125	-0.010417	0.005208	-0.046875	-0.005208	0.057292
Objective_function= -1.973558
Correlations_mismatch= 	0.031250	-0.062500	-0.010417	-0.020833	-0.010417	-0.026042	-0.015625	0.046875	0.036458	0.015625	-0.015625	0.005208	0.046875
Objective_function= -3.237340
Correlations_mismatch= 	0.000000	-0.062500	-0.031250	-0.020833	0.020833	-0.026042	-0.015625	0.015625	0.046875	-0.005208	0.015625	0.015625	0.067708
Objective_function= -3.240379
Correlations_mismatch= 	0.000000	-0.052083	-0.020833	0.020833	0.010417	0.067708	0.015625	0.015625	0.010417	0.005208	0.036458	-0.026042	-0.026042
Objective_function= -3.242983
Correlations_mismatch= 	0.000000	-0.052083	0.000000	0.020833	-0.020833	0.005208	0.046875	0.015625	0.031250	-0.015625	0.026042	-0.015625	0.026042
Objective_function= -3.249059
Correlations_mismatch= 	0.000000	-0.041667	0.010417	0.062500	-0.010417	-0.005208	-0.015625	-0.015625	-0.010417	0.015625	-0.005208	-0.005208	0.005208
Objective_function= -3.513993
Correlations_mismatch= 	0.000000	0.000000	0.010417	-0.104167	0.000000	-0.005208	0.078125	-0.046875	-0.005208	0.036458	-0.057292	0.036458	0.026042
Objective_function= -3.906370
Correlations_mismatch= 	0.000000	0.000000	0.000000	-0.062500	-0.041667	-0.046875	-0.015625	-0.109375	0.052083	0.036458	-0.046875	0.005208	-0.015625
Objective_function= -3.910710
Correlations_mismatch= 	0.000000	0.000000	0.000000	-0.062500	-0.020833	0.057292	0.046875	-0.015625	-0.010417	-0.067708	0.036458	0.026042	0.036458
Objective_function= -3.911578
Correlations_mismatch= 	0.000000	0.000000	0.000000	-0.104167	-0.093750	-0.005208	0.046875	-0.015625	0.000000	0.036458	-0.005208	-0.005208	0.057292
Objective_function= -3.919825
Correlations_mismatch= 	0.000000	0.000000	0.000000	0.062500	0.000000	0.015625	-0.046875	-0.015625	0.015625	-0.005208	-0.078125	-0.015625	0.015625
Objective_function= -3.921127
Correlations_mismatch= 	0.000000	0.000000	0.000000	-0.020833	-0.020833	0.015625	-0.046875	0.078125	0.031250	0.015625	0.005208	0.005208	0.015625
