4
0.61237
2
0.75000 0.75000 0.75000 0 0
0.50000 1.50000 0.50000 0 0

12
1.00000
2
0.75000 0.75000 0.75000 0 0
1.75000 0.75000 0.75000 0 0

12
1.17260
2
0.75000 0.75000 0.75000 0 0
0.50000 1.50000 1.50000 0 0

6
1.41421
2
0.50000 0.50000 0.50000 0 0
1.50000 -0.50000 -0.50000 0 0

12
1.54110
2
0.75000 0.75000 0.75000 0 0
0.50000 0.50000 2.50000 0 0

24
1.73205
2
0.50000 0.50000 0.50000 0 0
-0.50000 -0.50000 2.50000 0 0

4
1.83712
2
0.50000 0.50000 0.50000 0 0
-0.25000 -0.25000 -0.25000 0 0

12
1.83712
2
0.75000 0.75000 0.75000 0 0
1.50000 2.50000 -0.50000 0 0

12
2.00000
2
0.50000 0.50000 0.50000 0 0
0.50000 0.50000 2.50000 0 0

24
2.09165
2
0.75000 0.75000 0.75000 0 0
2.50000 1.50000 -1.50000 0 0

24
2.23607
2
0.75000 0.75000 0.75000 0 0
2.75000 1.75000 -0.25000 0 0

12
2.31840
2
0.50000 0.50000 0.50000 0 0
1.75000 0.75000 -2.25000 0 0

8
2.44949
2
0.50000 0.50000 0.50000 0 0
1.50000 1.50000 -2.50000 0 0

12
2.52488
2
0.75000 0.75000 0.75000 0 0
2.50000 -0.50000 2.50000 0 0

12
2.52488
2
0.75000 0.75000 0.75000 0 0
3.50000 0.50000 -1.50000 0 0

48
2.64575
2
0.50000 0.50000 0.50000 0 0
3.50000 -0.50000 -1.50000 0 0

12
2.71570
2
0.50000 0.50000 0.50000 0 0
-0.25000 -0.25000 -1.25000 0 0

24
2.71570
2
0.50000 0.50000 0.50000 0 0
1.75000 -0.25000 -2.25000 0 0

6
2.82843
2
0.50000 0.50000 0.50000 0 0
2.50000 -1.50000 -1.50000 0 0

12
2.89396
2
0.50000 0.50000 0.50000 0 0
0.75000 -1.25000 -1.25000 0 0

24
3.00000
2
0.50000 0.50000 0.50000 0 0
2.50000 -2.50000 2.50000 0 0

12
3.00000
2
0.50000 0.50000 0.50000 0 0
3.50000 0.50000 -2.50000 0 0

12
1.00000
3
0.75000 0.75000 0.75000 0 0
1.50000 0.50000 0.50000 0 0
1.75000 0.75000 0.75000 0 0

8
1.00000
3
0.75000 0.75000 0.75000 0 0
1.75000 0.75000 -0.25000 0 0
1.75000 0.75000 0.75000 0 0

8
1.00000
3
0.75000 0.75000 0.75000 0 0
0.75000 1.75000 0.75000 0 0
1.75000 0.75000 0.75000 0 0

