1.000000 0.000000 0.000000
-0.333313 0.942816 0.000000
0.000000 0.000000 0.577350
2.000000 0.000000 0.000000
-0.000000 2.000000 0.000000
0.000000 -0.000000 1.000000
0.937500 0.062500 0.750000 Fe
1.937500 0.062500 0.750000 Fe
0.937500 1.062500 0.750000 Fe
1.937500 1.062500 0.750000 Fe
0.937500 0.062500 0.250000 Fe
1.937500 0.062500 0.250000 Fe
0.937500 1.062500 0.250000 Fe
1.937500 1.062500 0.250000 La
0.437500 0.562500 0.750000 Fe
1.437500 0.562500 0.750000 La
0.437500 1.562500 0.750000 Fe
1.437500 1.562500 0.750000 Fe
0.437500 0.562500 0.250000 Fe
1.437500 0.562500 0.250000 Fe
0.437500 1.562500 0.250000 Fe
1.437500 1.562500 0.250000 Fe
0.125000 0.375000 1.000000 Mn
1.125000 0.375000 1.000000 Mn
0.125000 1.375000 1.000000 Mn
1.125000 1.375000 1.000000 Mn
0.625000 0.874999 1.000000 Mn
1.625000 0.874999 1.000000 Mn
0.625000 1.874999 1.000000 Mn
1.625000 1.874999 1.000000 Mn
0.125000 0.875000 0.500000 Mn
1.125000 0.875000 0.500000 Mn
0.125000 1.875000 0.500000 Mn
1.125000 1.875000 0.500000 Mn
0.250000 0.750000 1.000000 Mn
1.250000 0.750000 1.000000 Mn
0.250000 1.750000 1.000000 Mn
1.250000 1.750000 1.000000 Mn
0.750000 0.750000 0.500000 Mn
1.750000 0.750000 0.500000 Mn
0.750000 1.750000 0.500000 Mn
1.750000 1.750000 0.500000 Mn
0.250000 0.249999 0.500000 Mn
1.250000 0.249999 0.500000 Mn
0.250000 1.249999 0.500000 Mn
1.250000 1.249999 0.500000 Mn
0.750000 0.250000 1.000000 Mn
1.750000 0.250000 1.000000 Mn
0.750000 1.250000 1.000000 Mn
1.750000 1.250000 1.000000 Mn
0.625000 0.375000 0.500000 Zn
1.625000 0.375000 0.500000 Zn
0.625000 1.375000 0.500000 Zn
1.625000 1.375000 0.500000 Zn
0.437500 0.062500 0.250000 Fe
1.437500 0.062500 0.250000 Fe
0.437500 1.062500 0.250000 Fe
1.437500 1.062500 0.250000 Fe
0.437500 0.062500 0.750000 Fe
1.437500 0.062500 0.750000 Fe
0.437500 1.062500 0.750000 Fe
1.437500 1.062500 0.750000 Fe
0.937500 0.562499 0.250000 Fe
1.937500 0.562499 0.250000 Fe
0.937500 1.562499 0.250000 Fe
1.937500 1.562499 0.250000 Fe
0.937500 0.562499 0.750000 Fe
1.937500 0.562499 0.750000 Fe
0.937500 1.562499 0.750000 Fe
1.937500 1.562499 0.750000 Fe
0.687500 0.062500 0.500000 Fe
1.687500 0.062500 0.500000 Fe
0.687500 1.062500 0.500000 Fe
1.687500 1.062500 0.500000 Fe
0.937500 0.312499 0.500000 Fe
1.937500 0.312499 0.500000 Fe
0.937500 1.312499 0.500000 Fe
1.937500 1.312499 0.500000 Fe
0.187500 0.062500 1.000000 Fe
1.187500 0.062500 1.000000 Fe
0.187500 1.062500 1.000000 Fe
1.187500 1.062500 1.000000 Fe
0.937500 0.812499 1.000000 Fe
1.937500 0.812499 1.000000 Fe
0.937500 1.812499 1.000000 Fe
1.937500 1.812499 1.000000 Fe
0.187500 0.562500 0.500000 Fe
1.187500 0.562500 0.500000 Fe
0.187500 1.562500 0.500000 Fe
1.187500 1.562500 0.500000 Fe
0.437500 0.812499 0.500000 Fe
1.437500 0.812499 0.500000 Fe
0.437500 1.812499 0.500000 Fe
1.437500 1.812499 0.500000 Fe
0.687500 0.562500 1.000000 Fe
1.687500 0.562500 1.000000 Fe
0.687500 1.562500 1.000000 Fe
1.687500 1.562500 1.000000 Fe
0.437500 0.312499 1.000000 Fe
1.437500 0.312499 1.000000 Fe
0.437500 1.312499 1.000000 Fe
1.437500 1.312499 1.000000 Fe
0.817334 0.452004 1.000000 O
1.817334 0.452004 1.000000 O
0.817334 1.452004 1.000000 O
1.817334 1.452004 1.000000 O
0.547996 0.182665 1.000000 O
1.547996 0.182665 1.000000 O
0.547996 1.182665 1.000000 O
1.547996 1.182665 1.000000 O
0.317335 0.452004 0.500000 O
1.317335 0.452004 0.500000 O
0.317335 1.452004 0.500000 O
1.317335 1.452004 0.500000 O
0.547996 0.682664 0.500000 O
1.547996 0.682664 0.500000 O
0.547996 1.682664 0.500000 O
1.547996 1.682664 0.500000 O
0.317334 0.952004 1.000000 O
1.317334 0.952004 1.000000 O
0.317334 1.952004 1.000000 O
1.317334 1.952004 1.000000 O
0.047996 0.682665 1.000000 O
1.047996 0.682665 1.000000 O
0.047996 1.682665 1.000000 O
1.047996 1.682665 1.000000 O
0.817334 0.952004 0.500000 O
1.817334 0.952004 0.500000 O
0.817334 1.952004 0.500000 O
1.817334 1.952004 0.500000 O
0.047996 0.182665 0.500000 O
1.047996 0.182665 0.500000 O
0.047996 1.182665 0.500000 O
1.047996 1.182665 0.500000 O
0.817335 0.182665 0.730662 O
1.817335 0.182665 0.730662 O
0.817335 1.182665 0.730662 O
1.817335 1.182665 0.730662 O
0.817335 0.182665 0.269338 O
1.817335 0.182665 0.269338 O
0.817335 1.182665 0.269338 O
1.817335 1.182665 0.269338 O
0.317334 0.182666 0.230662 O
1.317334 0.182666 0.230662 O
0.317334 1.182666 0.230662 O
1.317334 1.182666 0.230662 O
0.317334 0.182666 0.769338 O
1.317334 0.182666 0.769338 O
0.317334 1.182666 0.769338 O
1.317334 1.182666 0.769338 O
0.817334 0.682665 0.230662 O
1.817334 0.682665 0.230662 O
0.817334 1.682665 0.230662 O
1.817334 1.682665 0.230662 O
0.817334 0.682665 0.769338 O
1.817334 0.682665 0.769338 O
0.817334 1.682665 0.769338 O
1.817334 1.682665 0.769338 O
0.317334 0.682666 0.730662 O
1.317334 0.682666 0.730662 O
0.317334 1.682666 0.730662 O
1.317334 1.682666 0.730662 O
0.317334 0.682666 0.269338 O
1.317334 0.682666 0.269338 O
0.317334 1.682666 0.269338 O
1.317334 1.682666 0.269338 O
0.057666 0.442335 0.730662 O
1.057666 0.442335 0.730662 O
0.057666 1.442335 0.730662 O
1.057666 1.442335 0.730662 O
0.057666 0.442335 0.269338 O
1.057666 0.442335 0.269338 O
0.057666 1.442335 0.269338 O
1.057666 1.442335 0.269338 O
0.557665 0.942333 0.730662 O
1.557665 0.942333 0.730662 O
0.557665 1.942333 0.730662 O
1.557665 1.942333 0.730662 O
0.557665 0.942333 0.269338 O
1.557665 0.942333 0.269338 O
0.557665 1.942333 0.269338 O
1.557665 1.942333 0.269338 O
0.557665 0.442335 0.230662 O
1.557665 0.442335 0.230662 O
0.557665 1.442335 0.230662 O
1.557665 1.442335 0.230662 O
0.557665 0.442335 0.769338 O
1.557665 0.442335 0.769338 O
0.557665 1.442335 0.769338 O
1.557665 1.442335 0.769338 O
0.057665 0.942335 0.230662 O
1.057665 0.942335 0.230662 O
0.057665 1.942335 0.230662 O
1.057665 1.942335 0.230662 O
0.057665 0.942335 0.769338 O
1.057665 0.942335 0.769338 O
0.057665 1.942335 0.769338 O
1.057665 1.942335 0.769338 O
0.327003 0.442335 1.000000 O
1.327003 0.442335 1.000000 O
0.327003 1.442335 1.000000 O
1.327003 1.442335 1.000000 O
0.557665 0.672996 1.000000 O
1.557665 0.672996 1.000000 O
0.557665 1.672996 1.000000 O
1.557665 1.672996 1.000000 O
0.827003 0.442335 0.500000 O
1.827003 0.442335 0.500000 O
0.827003 1.442335 0.500000 O
1.827003 1.442335 0.500000 O
0.557665 0.172996 0.500000 O
1.557665 0.172996 0.500000 O
0.557665 1.172996 0.500000 O
1.557665 1.172996 0.500000 O
0.827003 0.942335 1.000000 O
1.827003 0.942335 1.000000 O
0.827003 1.942335 1.000000 O
1.827003 1.942335 1.000000 O
0.057665 0.172996 1.000000 O
1.057665 0.172996 1.000000 O
0.057665 1.172996 1.000000 O
1.057665 1.172996 1.000000 O
0.327003 0.942335 0.500000 O
1.327003 0.942335 0.500000 O
0.327003 1.942335 0.500000 O
1.327003 1.942335 0.500000 O
0.057665 0.672996 0.500000 O
1.057665 0.672996 0.500000 O
0.057665 1.672996 0.500000 O
1.057665 1.672996 0.500000 O
