1
0.28868
2
0.93750 0.06250 0.25000 0 0
0.93750 0.06250 -0.25000 0 0

1
0.28868
2
0.43750 0.56250 0.25000 0 0
0.43750 0.56250 0.75000 0 0

1
0.28868
2
0.93750 0.06250 0.25000 0 0
0.93750 0.06250 0.75000 0 0

1
0.28868
2
0.43750 0.56250 0.75000 0 0
0.43750 0.56250 1.25000 0 0

2
0.57735
2
0.43750 0.56250 0.25000 0 0
0.43750 0.56250 -0.75000 0 0

2
0.57735
2
0.93750 0.06250 0.25000 0 0
0.93750 0.06250 -0.75000 0 0

4
0.57736
2
0.43750 0.56250 0.25000 0 0
-0.06250 0.06250 0.25000 0 0

4
0.64550
2
0.93750 0.06250 0.25000 0 0
1.43750 0.56250 -0.25000 0 0

4
0.64550
2
0.43750 0.56250 0.25000 0 0
-0.06250 0.06250 0.75000 0 0

2
0.81649
2
0.93750 0.06250 0.25000 0 0
1.43750 -0.43750 0.25000 0 0

2
0.81649
2
0.43750 0.56250 0.25000 0 0
0.93750 0.06250 0.25000 0 0

4
0.81650
2
0.43750 0.56250 0.75000 0 0
-0.06250 0.06250 -0.25000 0 0

4
0.81650
2
0.93750 0.06250 0.75000 0 0
1.43750 0.56250 -0.25000 0 0

2
0.86602
2
0.93750 0.06250 0.25000 0 0
1.43750 -0.43750 -0.25000 0 0

2
0.86602
2
0.93750 0.06250 0.25000 0 0
1.43750 -0.43750 0.75000 0 0

2
0.86602
2
0.93750 0.06250 0.75000 0 0
0.43750 0.56250 1.25000 0 0

2
0.86602
2
0.43750 0.56250 0.25000 0 0
0.93750 0.06250 0.75000 0 0

1
0.86603
2
0.43750 0.56250 0.25000 0 0
0.43750 0.56250 -1.25000 0 0

1
0.86603
2
0.93750 0.06250 0.25000 0 0
0.93750 0.06250 -1.25000 0 0

1
0.86603
2
0.43750 0.56250 0.75000 0 0
0.43750 0.56250 -0.75000 0 0

1
0.86603
2
0.93750 0.06250 0.75000 0 0
0.93750 0.06250 -0.75000 0 0

2
0.99999
2
0.93750 0.06250 0.25000 0 0
1.43750 -0.43750 -0.75000 0 0

2
0.99999
2
0.93750 0.06250 0.75000 0 0
1.43750 -0.43750 -0.25000 0 0

2
0.99999
2
0.93750 0.06250 0.25000 0 0
0.43750 0.56250 -0.75000 0 0

2
0.99999
2
0.93750 0.06250 0.25000 0 0
0.43750 0.56250 1.25000 0 0

4
1.00000
2
0.43750 0.56250 0.25000 0 0
0.43750 1.56250 0.25000 0 0

4
1.00000
2
0.93750 0.06250 0.25000 0 0
0.93750 -0.93750 0.25000 0 0

4
1.04083
2
0.43750 0.56250 0.25000 0 0
0.43750 -0.43750 -0.25000 0 0

4
1.04083
2
0.93750 0.06250 0.25000 0 0
0.93750 -0.93750 -0.25000 0 0

4
1.04083
2
0.43750 0.56250 0.25000 0 0
0.43750 -0.43750 0.75000 0 0

4
1.04083
2
0.93750 0.06250 0.25000 0 0
0.93750 -0.93750 0.75000 0 0

4
1.04084
2
0.93750 0.06250 0.25000 0 0
1.43750 0.56250 -1.25000 0 0

4
1.04084
2
0.43750 0.56250 0.75000 0 0
-0.06250 0.06250 -0.75000 0 0

2
1.15470
2
0.43750 0.56250 0.25000 0 0
0.43750 0.56250 -1.75000 0 0

2
1.15470
2
0.93750 0.06250 0.25000 0 0
0.93750 0.06250 -1.75000 0 0

4
1.15470
2
0.43750 0.56250 0.25000 0 0
0.43750 -0.43750 -0.75000 0 0

4
1.15470
2
0.93750 0.06250 0.25000 0 0
0.93750 -0.93750 -0.75000 0 0

4
1.15470
2
0.43750 0.56250 0.75000 0 0
0.43750 -0.43750 -0.25000 0 0

4
1.15470
2
0.93750 0.06250 0.75000 0 0
0.93750 -0.93750 -0.25000 0 0

2
1.15472
2
0.43750 0.56250 0.25000 0 0
-0.56250 -0.43750 0.25000 0 0

2
1.15472
2
0.93750 0.06250 0.25000 0 0
-0.06250 -0.93750 0.25000 0 0

2
1.19023
2
0.93750 0.06250 0.25000 0 0
1.43750 -0.43750 -1.25000 0 0

2
1.19023
2
0.93750 0.06250 0.75000 0 0
1.43750 -0.43750 -0.75000 0 0

2
1.19023
2
0.43750 0.56250 0.25000 0 0
0.93750 0.06250 -1.25000 0 0

2
1.19023
2
0.43750 0.56250 0.75000 0 0
0.93750 0.06250 -0.75000 0 0

2
1.19025
2
0.43750 0.56250 0.25000 0 0
1.43750 1.56250 -0.25000 0 0

2
1.19025
2
0.93750 0.06250 0.25000 0 0
1.93750 1.06250 -0.25000 0 0

2
1.19025
2
0.43750 0.56250 0.75000 0 0
-0.56250 -0.43750 0.25000 0 0

2
1.19025
2
0.93750 0.06250 0.25000 0 0
1.93750 1.06250 0.75000 0 0

4
1.29100
2
0.43750 0.56250 0.75000 0 0
-0.06250 0.06250 -1.25000 0 0

4
1.29100
2
0.93750 0.06250 0.75000 0 0
1.43750 0.56250 -1.25000 0 0

4
1.29101
2
0.43750 0.56250 0.25000 0 0
-0.56250 -0.43750 -0.75000 0 0

4
1.29101
2
0.93750 0.06250 0.25000 0 0
-0.06250 -0.93750 -0.75000 0 0

4
1.32288
2
0.43750 0.56250 0.25000 0 0
1.43750 0.56250 -1.25000 0 0

4
1.32288
2
0.93750 0.06250 0.75000 0 0
0.93750 1.06250 2.25000 0 0

4
1.32288
2
0.43750 0.56250 0.75000 0 0
0.43750 -0.43750 -0.75000 0 0

4
1.32288
2
0.93750 0.06250 0.75000 0 0
0.93750 -0.93750 -0.75000 0 0

2
1.41421
2
0.43750 0.56250 0.75000 0 0
-0.06250 1.06250 -1.25000 0 0

2
1.41421
2
0.93750 0.06250 0.75000 0 0
1.43750 -0.43750 -1.25000 0 0

2
1.41421
2
0.43750 0.56250 0.25000 0 0
0.93750 0.06250 -1.75000 0 0

2
1.41421
2
0.93750 0.06250 0.25000 0 0
0.43750 0.56250 -1.75000 0 0

4
1.41422
2
0.93750 0.06250 0.25000 0 0
0.43750 -1.43750 0.25000 0 0

4
1.41422
2
0.43750 0.56250 0.25000 0 0
1.93750 1.06250 0.25000 0 0

1
1.44338
2
0.43750 0.56250 0.25000 0 0
0.43750 0.56250 -2.25000 0 0

1
1.44338
2
0.93750 0.06250 0.25000 0 0
0.93750 0.06250 -2.25000 0 0

1
1.44338
2
0.43750 0.56250 0.75000 0 0
0.43750 0.56250 -1.75000 0 0

1
1.44338
2
0.93750 0.06250 0.75000 0 0
0.93750 0.06250 -1.75000 0 0

4
1.44339
2
0.93750 0.06250 0.25000 0 0
0.43750 -1.43750 -0.25000 0 0

4
1.44339
2
0.93750 0.06250 0.25000 0 0
0.43750 -1.43750 0.75000 0 0

4
1.44339
2
0.43750 0.56250 0.25000 0 0
1.93750 1.06250 -0.25000 0 0

4
1.44339
2
0.43750 0.56250 0.25000 0 0
1.93750 1.06250 0.75000 0 0

2
1.44339
2
0.93750 0.06250 0.25000 0 0
1.93750 1.06250 -1.25000 0 0

2
1.44339
2
0.43750 0.56250 0.25000 0 0
1.43750 1.56250 -1.25000 0 0

2
1.44339
2
0.43750 0.56250 0.75000 0 0
-0.56250 -0.43750 -0.75000 0 0

2
1.44339
2
0.93750 0.06250 0.75000 0 0
-0.06250 -0.93750 -0.75000 0 0

4
1.52752
2
0.93750 0.06250 0.25000 0 0
0.93750 1.06250 2.25000 0 0

4
1.52752
2
0.93750 0.06250 0.75000 0 0
0.93750 1.06250 2.75000 0 0

4
1.52752
2
0.43750 0.56250 0.25000 0 0
-0.56250 0.56250 -1.75000 0 0

4
1.52752
2
0.43750 0.56250 0.75000 0 0
-0.56250 0.56250 -1.25000 0 0

4
1.52753
2
0.93750 0.06250 0.25000 0 0
0.43750 -1.43750 -0.75000 0 0

4
1.52753
2
0.93750 0.06250 0.75000 0 0
0.43750 -1.43750 -0.25000 0 0

4
1.52753
2
0.43750 0.56250 0.25000 0 0
1.93750 1.06250 -0.75000 0 0

4
1.52753
2
0.93750 0.06250 0.25000 0 0
1.43750 1.56250 -0.75000 0 0

4
1.55457
2
0.93750 0.06250 0.25000 0 0
1.43750 0.56250 -2.25000 0 0

4
1.55457
2
0.93750 0.06250 0.75000 0 0
0.43750 -0.43750 -1.75000 0 0

2
1.63298
2
0.43750 0.56250 0.25000 0 0
1.43750 -0.43750 0.25000 0 0

2
1.63298
2
0.93750 0.06250 0.25000 0 0
1.93750 -0.93750 0.25000 0 0

4
1.63301
2
0.43750 0.56250 0.25000 0 0
1.43750 1.56250 -1.75000 0 0

4
1.63301
2
0.93750 0.06250 0.25000 0 0
1.93750 1.06250 -1.75000 0 0

2
1.65830
2
0.43750 0.56250 0.25000 0 0
1.43750 -0.43750 -0.25000 0 0

2
1.65830
2
0.93750 0.06250 0.25000 0 0
1.93750 -0.93750 -0.25000 0 0

2
1.65830
2
0.43750 0.56250 0.25000 0 0
1.43750 -0.43750 0.75000 0 0

2
1.65830
2
0.93750 0.06250 0.25000 0 0
1.93750 -0.93750 0.75000 0 0

2
1.65831
2
0.93750 0.06250 0.25000 0 0
1.43750 -0.43750 -2.25000 0 0

2
1.65831
2
0.93750 0.06250 0.75000 0 0
1.43750 -0.43750 -1.75000 0 0

2
1.65831
2
0.43750 0.56250 0.25000 0 0
0.93750 0.06250 -2.25000 0 0

2
1.65831
2
0.93750 0.06250 0.75000 0 0
0.43750 0.56250 -1.75000 0 0

4
1.65832
2
0.93750 0.06250 0.25000 0 0
0.43750 -1.43750 -1.25000 0 0

4
1.65832
2
0.93750 0.06250 0.75000 0 0
0.43750 -1.43750 -0.75000 0 0

4
1.65832
2
0.43750 0.56250 0.25000 0 0
1.93750 1.06250 -1.25000 0 0

4
1.65832
2
0.93750 0.06250 0.75000 0 0
1.43750 1.56250 -0.75000 0 0

2
1.73204
2
0.43750 0.56250 0.25000 0 0
1.43750 -0.43750 -0.75000 0 0

2
1.73204
2
0.93750 0.06250 0.25000 0 0
1.93750 -0.93750 -0.75000 0 0

2
1.73204
2
0.93750 0.06250 0.75000 0 0
1.93750 -0.93750 -0.25000 0 0

2
1.73204
2
0.43750 0.56250 0.25000 0 0
1.43750 -0.43750 1.25000 0 0

4
1.73204
2
0.43750 0.56250 0.75000 0 0
-1.06250 1.06250 0.75000 0 0

4
1.73204
2
0.93750 0.06250 0.25000 0 0
0.43750 1.56250 0.25000 0 0

2
1.73205
2
0.43750 0.56250 0.75000 0 0
0.43750 0.56250 3.75000 0 0

2
1.73205
2
0.93750 0.06250 0.75000 0 0
0.93750 0.06250 3.75000 0 0

4
1.73208
2
0.43750 0.56250 0.75000 0 0
-1.06250 -0.93750 0.75000 0 0

4
1.75593
2
0.43750 0.56250 0.75000 0 0
-1.06250 1.06250 1.25000 0 0

4
1.75593
2
0.43750 0.56250 0.75000 0 0
-1.06250 1.06250 0.25000 0 0

4
1.75593
2
0.43750 0.56250 0.25000 0 0
0.93750 -0.93750 -0.25000 0 0

4
1.75593
2
0.93750 0.06250 0.25000 0 0
-0.56250 0.56250 0.75000 0 0

4
1.75594
2
0.43750 0.56250 0.25000 0 0
1.43750 0.56250 -2.25000 0 0

4
1.75594
2
0.93750 0.06250 0.25000 0 0
0.93750 -0.93750 -2.25000 0 0

4
1.75594
2
0.43750 0.56250 0.75000 0 0
0.43750 -0.43750 -1.75000 0 0

4
1.75594
2
0.93750 0.06250 0.75000 0 0
0.93750 -0.93750 -1.75000 0 0

4
1.75597
2
0.93750 0.06250 0.25000 0 0
2.43750 1.56250 -0.25000 0 0

4
1.75597
2
0.43750 0.56250 0.75000 0 0
-1.06250 -0.93750 0.25000 0 0

4
1.82573
2
0.43750 0.56250 0.75000 0 0
-1.06250 1.06250 -0.25000 0 0

4
1.82573
2
0.43750 0.56250 0.75000 0 0
-1.06250 1.06250 1.75000 0 0

4
1.82573
2
0.93750 0.06250 0.25000 0 0
0.43750 1.56250 1.25000 0 0

4
1.82573
2
0.43750 0.56250 0.75000 0 0
0.93750 -0.93750 -0.25000 0 0

4
1.82574
2
0.43750 0.56250 0.75000 0 0
-0.06250 0.06250 3.75000 0 0

4
1.82574
2
0.93750 0.06250 0.75000 0 0
0.43750 -0.43750 3.75000 0 0

4
1.82575
2
0.43750 0.56250 0.75000 0 0
-1.06250 0.06250 -1.25000 0 0

4
1.82575
2
0.43750 0.56250 0.75000 0 0
-1.06250 0.06250 2.75000 0 0

4
1.82575
2
0.43750 0.56250 0.25000 0 0
-0.06250 -0.93750 -1.75000 0 0

4
1.82575
2
0.43750 0.56250 0.75000 0 0
-0.06250 -0.93750 -1.25000 0 0

4
1.82577
2
0.43750 0.56250 0.75000 0 0
-1.06250 -0.93750 -0.25000 0 0

4
1.82577
2
0.93750 0.06250 0.75000 0 0
2.43750 1.56250 -0.25000 0 0

2
1.84841
2
0.93750 0.06250 0.75000 0 0
1.93750 -0.93750 2.25000 0 0

2
1.84841
2
0.43750 0.56250 0.25000 0 0
1.43750 -0.43750 -1.25000 0 0

2
1.84841
2
0.43750 0.56250 0.75000 0 0
1.43750 -0.43750 -0.75000 0 0

2
1.84841
2
0.93750 0.06250 0.75000 0 0
1.93750 -0.93750 -0.75000 0 0

2
1.84843
2
0.43750 0.56250 0.25000 0 0
1.43750 1.56250 -2.25000 0 0

2
1.84843
2
0.93750 0.06250 0.25000 0 0
1.93750 1.06250 -2.25000 0 0

2
1.84843
2
0.43750 0.56250 0.75000 0 0
1.43750 1.56250 -1.75000 0 0

2
1.84843
2
0.93750 0.06250 0.75000 0 0
1.93750 1.06250 -1.75000 0 0

2
1.91485
2
0.43750 0.56250 0.75000 0 0
-0.06250 1.06250 3.75000 0 0

2
1.91485
2
0.93750 0.06250 0.75000 0 0
1.43750 -0.43750 3.75000 0 0

2
1.91485
2
0.43750 0.56250 0.25000 0 0
0.93750 0.06250 -2.75000 0 0

2
1.91485
2
0.93750 0.06250 0.25000 0 0
0.43750 0.56250 -2.75000 0 0

4
1.91488
2
0.43750 0.56250 0.25000 0 0
2.43750 1.56250 0.25000 0 0

4
1.91488
2
0.93750 0.06250 0.25000 0 0
2.93750 1.06250 0.25000 0 0

4
1.93648
2
0.93750 0.06250 0.25000 0 0
1.43750 -1.43750 -1.25000 0 0

4
1.93648
2
0.43750 0.56250 0.75000 0 0
-1.06250 1.06250 -0.75000 0 0

4
1.93648
2
0.43750 0.56250 0.25000 0 0
0.93750 -0.93750 -1.25000 0 0

4
1.93648
2
0.93750 0.06250 0.75000 0 0
-0.56250 0.56250 -0.75000 0 0

4
1.93651
2
0.43750 0.56250 0.25000 0 0
2.43750 1.56250 -0.25000 0 0

4
1.93651
2
0.93750 0.06250 0.25000 0 0
2.93750 1.06250 -0.25000 0 0

4
1.93651
2
0.43750 0.56250 0.25000 0 0
2.43750 1.56250 0.75000 0 0

4
1.93651
2
0.93750 0.06250 0.25000 0 0
2.93750 1.06250 0.75000 0 0

4
1.93651
2
0.93750 0.06250 0.25000 0 0
2.43750 1.56250 -1.25000 0 0

4
1.93651
2
0.43750 0.56250 0.75000 0 0
-1.06250 -0.93750 -0.75000 0 0

2
1.99999
2
0.43750 0.56250 0.25000 0 0
1.43750 -0.43750 -1.75000 0 0

2
1.99999
2
0.93750 0.06250 0.25000 0 0
1.93750 -0.93750 -1.75000 0 0

2
1.99999
2
0.93750 0.06250 0.75000 0 0
1.93750 -0.93750 -1.25000 0 0

2
1.99999
2
0.43750 0.56250 0.25000 0 0
1.43750 -0.43750 2.25000 0 0

4
2.00000
2
0.43750 0.56250 0.75000 0 0
0.43750 -0.43750 3.75000 0 0

4
2.00000
2
0.93750 0.06250 0.75000 0 0
0.93750 -0.93750 3.75000 0 0

4
2.00000
2
0.43750 0.56250 0.75000 0 0
-0.56250 0.56250 3.75000 0 0

4
2.00000
2
0.93750 0.06250 0.75000 0 0
-0.06250 0.06250 3.75000 0 0

4
2.00000
2
0.43750 0.56250 0.25000 0 0
0.43750 -1.43750 0.25000 0 0

4
2.00000
2
0.93750 0.06250 0.25000 0 0
0.93750 -1.93750 0.25000 0 0

4
2.00002
2
0.43750 0.56250 0.25000 0 0
-0.56250 -1.43750 -0.75000 0 0

4
2.00002
2
0.93750 0.06250 0.25000 0 0
-0.06250 -1.93750 -0.75000 0 0

4
2.00002
2
0.43750 0.56250 0.75000 0 0
-0.56250 -1.43750 -0.25000 0 0

4
2.00002
2
0.93750 0.06250 0.75000 0 0
-0.06250 -1.93750 -0.25000 0 0

1
2.02073
2
0.43750 0.56250 0.25000 0 0
0.43750 0.56250 -3.25000 0 0

1
2.02073
2
0.93750 0.06250 0.25000 0 0
0.93750 0.06250 -3.25000 0 0

1
2.02073
2
0.43750 0.56250 0.75000 0 0
0.43750 0.56250 -2.75000 0 0

1
2.02073
2
0.93750 0.06250 0.75000 0 0
0.93750 0.06250 -2.75000 0 0

4
2.02073
2
0.43750 0.56250 0.75000 0 0
-1.56250 0.56250 1.25000 0 0

4
2.02073
2
0.43750 0.56250 0.75000 0 0
-1.56250 0.56250 0.25000 0 0

4
2.02073
2
0.93750 0.06250 0.25000 0 0
0.93750 -1.93750 -0.25000 0 0

4
2.02073
2
0.93750 0.06250 0.25000 0 0
0.93750 -1.93750 0.75000 0 0

4
2.02073
2
0.43750 0.56250 0.25000 0 0
0.93750 2.06250 -2.25000 0 0

4
2.02073
2
0.93750 0.06250 0.75000 0 0
0.43750 -1.43750 -1.75000 0 0

4
2.02073
2
0.43750 0.56250 0.25000 0 0
-0.06250 -0.93750 -2.25000 0 0

4
2.02073
2
0.43750 0.56250 0.75000 0 0
-0.06250 -0.93750 -1.75000 0 0

4
2.08166
2
0.93750 0.06250 0.25000 0 0
1.43750 -1.43750 -1.75000 0 0

4
2.08166
2
0.93750 0.06250 0.75000 0 0
1.43750 -1.43750 -1.25000 0 0

4
2.08166
2
0.43750 0.56250 0.25000 0 0
0.93750 -0.93750 -1.75000 0 0

4
2.08166
2
0.43750 0.56250 0.75000 0 0
0.93750 -0.93750 -1.25000 0 0

4
2.08167
2
0.43750 0.56250 0.25000 0 0
0.43750 -1.43750 -0.75000 0 0

4
2.08167
2
0.93750 0.06250 0.25000 0 0
0.93750 -1.93750 -0.75000 0 0

4
2.08167
2
0.43750 0.56250 0.75000 0 0
0.43750 -1.43750 -0.25000 0 0

4
2.08167
2
0.93750 0.06250 0.75000 0 0
0.93750 -1.93750 -0.25000 0 0

4
2.08167
2
0.43750 0.56250 0.75000 0 0
1.43750 1.56250 3.75000 0 0

4
2.08167
2
0.93750 0.06250 0.75000 0 0
1.93750 1.06250 3.75000 0 0

4
2.08169
2
0.93750 0.06250 0.25000 0 0
-0.56250 -1.43750 -1.75000 0 0

4
2.08169
2
0.93750 0.06250 0.75000 0 0
-0.56250 -1.43750 -1.25000 0 0

4
2.10159
2
0.93750 0.06250 0.25000 0 0
0.43750 -0.43750 -3.25000 0 0

4
2.10159
2
0.93750 0.06250 0.75000 0 0
0.43750 -0.43750 -2.75000 0 0

4
2.10161
2
0.43750 0.56250 0.25000 0 0
2.43750 1.56250 -1.25000 0 0

4
2.10161
2
0.93750 0.06250 0.25000 0 0
2.93750 1.06250 -1.25000 0 0

4
2.10161
2
0.93750 0.06250 0.75000 0 0
2.93750 1.06250 -0.75000 0 0

4
2.10161
2
0.43750 0.56250 0.25000 0 0
2.43750 1.56250 1.75000 0 0

2
2.17944
2
0.93750 0.06250 0.75000 0 0
1.93750 -0.93750 3.25000 0 0

2
2.17944
2
0.43750 0.56250 0.25000 0 0
1.43750 -0.43750 2.75000 0 0

2
2.17944
2
0.93750 0.06250 0.25000 0 0
1.93750 -0.93750 2.75000 0 0

2
2.17944
2
0.43750 0.56250 0.25000 0 0
1.43750 -0.43750 -2.25000 0 0

2
2.17945
2
0.93750 0.06250 0.25000 0 0
1.43750 -0.43750 -3.25000 0 0

2
2.17945
2
0.93750 0.06250 0.75000 0 0
1.43750 -0.43750 -2.75000 0 0

2
2.17945
2
0.43750 0.56250 0.25000 0 0
0.93750 0.06250 -3.25000 0 0

2
2.17945
2
0.43750 0.56250 0.75000 0 0
0.93750 0.06250 -2.75000 0 0

4
2.17945
2
0.43750 0.56250 0.75000 0 0
-1.56250 0.56250 2.25000 0 0

4
2.17945
2
0.43750 0.56250 0.75000 0 0
-1.56250 0.56250 -0.75000 0 0

4
2.17945
2
0.93750 0.06250 0.25000 0 0
0.93750 -1.93750 -1.25000 0 0

4
2.17945
2
0.93750 0.06250 0.75000 0 0
0.93750 -1.93750 -0.75000 0 0

4
2.23607
2
0.43750 0.56250 0.75000 0 0
0.93750 2.06250 3.75000 0 0

4
2.23607
2
0.43750 0.56250 0.75000 0 0
-1.06250 0.06250 -2.25000 0 0

4
2.23607
2
0.93750 0.06250 0.75000 0 0
1.43750 1.56250 3.75000 0 0

4
2.23607
2
0.43750 0.56250 0.25000 0 0
1.93750 1.06250 -2.75000 0 0

4
2.23609
2
0.43750 0.56250 0.25000 0 0
2.43750 1.56250 -1.75000 0 0

4
2.23609
2
0.93750 0.06250 0.25000 0 0
2.93750 1.06250 -1.75000 0 0

4
2.23609
2
0.93750 0.06250 0.75000 0 0
2.93750 1.06250 -1.25000 0 0

4
2.23609
2
0.43750 0.56250 0.25000 0 0
2.43750 1.56250 2.25000 0 0

4
2.25462
2
0.43750 0.56250 0.25000 0 0
-0.06250 2.06250 -2.25000 0 0

4
2.25462
2
0.93750 0.06250 0.75000 0 0
1.43750 -1.43750 -1.75000 0 0

4
2.25462
2
0.43750 0.56250 0.25000 0 0
0.93750 -0.93750 -2.25000 0 0

4
2.25462
2
0.43750 0.56250 0.75000 0 0
0.93750 -0.93750 -1.75000 0 0

4
2.25462
2
0.43750 0.56250 0.25000 0 0
1.43750 0.56250 -3.25000 0 0

4
2.25462
2
0.93750 0.06250 0.25000 0 0
0.93750 -0.93750 -3.25000 0 0

4
2.25462
2
0.43750 0.56250 0.75000 0 0
0.43750 -0.43750 -2.75000 0 0

4
2.25462
2
0.93750 0.06250 0.75000 0 0
0.93750 -0.93750 -2.75000 0 0

4
2.25464
2
0.43750 0.56250 0.25000 0 0
-1.06250 -0.93750 -2.25000 0 0

4
2.25464
2
0.93750 0.06250 0.75000 0 0
-0.56250 -1.43750 -1.75000 0 0

2
2.30940
2
0.43750 0.56250 0.25000 0 0
0.43750 0.56250 -3.75000 0 0

2
2.30940
2
0.93750 0.06250 0.25000 0 0
0.93750 0.06250 -3.75000 0 0

4
2.30940
2
0.43750 0.56250 0.25000 0 0
0.43750 -1.43750 -1.75000 0 0

4
2.30940
2
0.93750 0.06250 0.25000 0 0
0.93750 -1.93750 -1.75000 0 0

4
2.30940
2
0.43750 0.56250 0.75000 0 0
0.43750 -1.43750 -1.25000 0 0

4
2.30940
2
0.93750 0.06250 0.75000 0 0
0.93750 -1.93750 -1.25000 0 0

2
2.30944
2
0.43750 0.56250 0.25000 0 0
-1.56250 -1.43750 0.25000 0 0

2
2.30944
2
0.93750 0.06250 0.25000 0 0
-1.06250 -1.93750 0.25000 0 0

2
2.32738
2
0.43750 0.56250 0.25000 0 0
1.43750 1.56250 -3.25000 0 0

2
2.32738
2
0.93750 0.06250 0.25000 0 0
1.93750 1.06250 -3.25000 0 0

2
2.32738
2
0.93750 0.06250 0.25000 0 0
1.93750 1.06250 3.75000 0 0

2
2.32738
2
0.43750 0.56250 0.75000 0 0
1.43750 1.56250 -2.75000 0 0

2
2.32741
2
0.43750 0.56250 0.75000 0 0
-1.56250 -1.43750 1.25000 0 0

2
2.32741
2
0.43750 0.56250 0.75000 0 0
-1.56250 -1.43750 0.25000 0 0

2
2.32741
2
0.93750 0.06250 0.25000 0 0
-1.06250 -1.93750 -0.25000 0 0

2
2.32741
2
0.93750 0.06250 0.25000 0 0
-1.06250 -1.93750 0.75000 0 0

2
2.38047
2
0.93750 0.06250 0.75000 0 0
1.93750 -0.93750 3.75000 0 0

2
2.38047
2
0.43750 0.56250 0.25000 0 0
1.43750 -0.43750 -2.75000 0 0

2
2.38047
2
0.93750 0.06250 0.75000 0 0
1.93750 -0.93750 -2.25000 0 0

2
2.38047
2
0.43750 0.56250 0.75000 0 0
-0.56250 1.56250 3.75000 0 0

4
2.38048
2
0.93750 0.06250 0.25000 0 0
1.43750 0.56250 -3.75000 0 0

4
2.38048
2
0.93750 0.06250 0.75000 0 0
1.43750 0.56250 -3.25000 0 0

4
2.38049
2
0.93750 0.06250 0.75000 0 0
0.43750 -2.43750 0.75000 0 0

4
2.38049
2
0.43750 0.56250 0.25000 0 0
-0.06250 -1.93750 0.25000 0 0

4
2.38051
2
0.43750 0.56250 0.25000 0 0
-1.56250 -1.43750 -0.75000 0 0

4
2.38051
2
0.93750 0.06250 0.25000 0 0
-1.06250 -1.93750 -0.75000 0 0

4
2.39793
2
0.43750 0.56250 0.75000 0 0
-2.06250 0.06250 1.25000 0 0

4
2.39793
2
0.43750 0.56250 0.75000 0 0
-2.06250 0.06250 0.25000 0 0

4
2.39793
2
0.43750 0.56250 0.25000 0 0
-0.06250 -1.93750 -0.25000 0 0

4
2.39793
2
0.43750 0.56250 0.25000 0 0
-0.06250 -1.93750 0.75000 0 0

4
2.39793
2
0.43750 0.56250 0.25000 0 0
1.43750 2.56250 -2.25000 0 0

4
2.39793
2
0.93750 0.06250 0.25000 0 0
-0.06250 -1.93750 -2.25000 0 0

4
2.39793
2
0.43750 0.56250 0.75000 0 0
-0.56250 -1.43750 -1.75000 0 0

4
2.39793
2
0.93750 0.06250 0.75000 0 0
-0.06250 -1.93750 -1.75000 0 0

2
2.44947
2
0.93750 0.06250 0.75000 0 0
2.43750 -1.43750 0.75000 0 0

2
2.44947
2
0.43750 0.56250 0.25000 0 0
1.93750 -0.93750 0.25000 0 0

4
2.44948
2
0.43750 0.56250 0.75000 0 0
-1.06250 1.06250 -2.25000 0 0

4
2.44948
2
0.43750 0.56250 0.75000 0 0
-1.06250 1.06250 3.75000 0 0

4
2.44948
2
0.43750 0.56250 0.75000 0 0
0.93750 -0.93750 3.75000 0 0

4
2.44948
2
0.93750 0.06250 0.75000 0 0
-0.56250 0.56250 3.75000 0 0

2
2.44949
2
0.93750 0.06250 0.25000 0 0
1.43750 -0.43750 -3.75000 0 0

2
2.44949
2
0.93750 0.06250 0.75000 0 0
1.43750 -0.43750 -3.25000 0 0

2
2.44949
2
0.43750 0.56250 0.25000 0 0
0.93750 0.06250 4.25000 0 0

2
2.44949
2
0.93750 0.06250 0.25000 0 0
0.43750 0.56250 4.25000 0 0

4
2.44950
2
0.93750 0.06250 0.75000 0 0
0.43750 -2.43750 -0.25000 0 0

4
2.44950
2
0.43750 0.56250 0.75000 0 0
-2.06250 0.06250 -0.25000 0 0

4
2.44950
2
0.43750 0.56250 0.25000 0 0
-0.06250 -1.93750 -0.75000 0 0

4
2.44950
2
0.43750 0.56250 0.75000 0 0
-0.06250 -1.93750 -0.25000 0 0

4
2.44951
2
0.43750 0.56250 0.25000 0 0
1.93750 2.06250 -2.75000 0 0

4
2.44951
2
0.43750 0.56250 0.75000 0 0
1.93750 2.06250 -2.25000 0 0

4
2.44952
2
0.43750 0.56250 0.75000 0 0
-2.06250 -0.93750 0.75000 0 0

4
2.44952
2
0.43750 0.56250 0.25000 0 0
-1.06250 -1.93750 0.25000 0 0

2
2.46642
2
0.93750 0.06250 0.25000 0 0
2.43750 -1.43750 -0.25000 0 0

2
2.46642
2
0.93750 0.06250 0.25000 0 0
2.43750 -1.43750 0.75000 0 0

2
2.46642
2
0.43750 0.56250 0.25000 0 0
1.93750 -0.93750 -0.25000 0 0

2
2.46642
2
0.43750 0.56250 0.25000 0 0
1.93750 -0.93750 0.75000 0 0

4
2.46644
2
0.43750 0.56250 0.25000 0 0
0.43750 2.56250 -2.25000 0 0

4
2.46644
2
0.93750 0.06250 0.25000 0 0
0.93750 2.06250 -2.25000 0 0

4
2.46644
2
0.43750 0.56250 0.75000 0 0
-1.56250 0.56250 -1.75000 0 0

4
2.46644
2
0.93750 0.06250 0.75000 0 0
0.93750 -1.93750 -1.75000 0 0

4
2.46645
2
0.93750 0.06250 0.25000 0 0
0.43750 -1.43750 -3.25000 0 0

4
2.46645
2
0.93750 0.06250 0.75000 0 0
0.43750 -1.43750 -2.75000 0 0

4
2.46645
2
0.43750 0.56250 0.25000 0 0
-0.06250 -0.93750 -3.25000 0 0

4
2.46645
2
0.43750 0.56250 0.75000 0 0
-0.06250 -0.93750 -2.75000 0 0

4
2.46647
2
0.43750 0.56250 0.75000 0 0
-2.06250 -0.93750 1.25000 0 0

4
2.46647
2
0.43750 0.56250 0.75000 0 0
-2.06250 -0.93750 0.25000 0 0

4
2.46647
2
0.43750 0.56250 0.25000 0 0
-1.06250 -1.93750 -0.25000 0 0

4
2.46647
2
0.43750 0.56250 0.25000 0 0
-1.06250 -1.93750 0.75000 0 0

2
2.46647
2
0.43750 0.56250 0.75000 0 0
-1.56250 -1.43750 2.25000 0 0

2
2.46647
2
0.43750 0.56250 0.75000 0 0
-1.56250 -1.43750 -0.75000 0 0

2
2.46647
2
0.93750 0.06250 0.25000 0 0
-1.06250 -1.93750 -1.25000 0 0

2
2.46647
2
0.93750 0.06250 0.75000 0 0
-1.06250 -1.93750 -0.75000 0 0

2
2.51659
2
0.93750 0.06250 0.75000 0 0
2.43750 -1.43750 -0.25000 0 0

2
2.51659
2
0.93750 0.06250 0.75000 0 0
2.43750 -1.43750 1.75000 0 0

2
2.51659
2
0.43750 0.56250 0.25000 0 0
1.93750 -0.93750 -0.75000 0 0

2
2.51659
2
0.43750 0.56250 0.25000 0 0
1.93750 -0.93750 1.25000 0 0

4
2.51660
2
0.43750 0.56250 0.25000 0 0
1.43750 -1.43750 0.25000 0 0

4
2.51660
2
0.93750 0.06250 0.25000 0 0
1.93750 -1.93750 0.25000 0 0

4
2.51661
2
0.43750 0.56250 0.25000 0 0
1.43750 0.56250 4.25000 0 0

4
2.51661
2
0.93750 0.06250 0.25000 0 0
1.93750 0.06250 4.25000 0 0

4
2.51661
2
0.93750 0.06250 0.75000 0 0
1.93750 0.06250 4.75000 0 0

4
2.51661
2
0.43750 0.56250 0.25000 0 0
1.43750 0.56250 -3.75000 0 0

4
2.51664
2
0.43750 0.56250 0.75000 0 0
-2.06250 -0.93750 -0.25000 0 0

4
2.51664
2
0.43750 0.56250 0.75000 0 0
-2.06250 -0.93750 1.75000 0 0

4
2.51664
2
0.43750 0.56250 0.25000 0 0
-1.06250 -1.93750 -0.75000 0 0

4
2.51664
2
0.43750 0.56250 0.75000 0 0
-1.06250 -1.93750 -0.25000 0 0

4
2.53310
2
0.43750 0.56250 0.75000 0 0
-0.56250 2.56250 1.25000 0 0

4
2.53310
2
0.43750 0.56250 0.75000 0 0
-0.56250 2.56250 0.25000 0 0

4
2.53310
2
0.93750 0.06250 0.25000 0 0
2.93750 -0.93750 -0.25000 0 0

4
2.53310
2
0.93750 0.06250 0.25000 0 0
2.93750 -0.93750 0.75000 0 0

4
2.53312
2
0.93750 0.06250 0.25000 0 0
0.43750 -2.43750 -1.25000 0 0

4
2.53312
2
0.93750 0.06250 0.75000 0 0
0.43750 -2.43750 -0.75000 0 0

4
2.53312
2
0.43750 0.56250 0.25000 0 0
-0.06250 -1.93750 -1.25000 0 0

4
2.53312
2
0.43750 0.56250 0.75000 0 0
-0.06250 -1.93750 -0.75000 0 0

4
2.58197
2
0.43750 0.56250 0.25000 0 0
1.43750 -1.43750 -0.75000 0 0

4
2.58197
2
0.93750 0.06250 0.25000 0 0
1.93750 -1.93750 -0.75000 0 0

4
2.58197
2
0.43750 0.56250 0.75000 0 0
1.43750 -1.43750 -0.25000 0 0

4
2.58197
2
0.93750 0.06250 0.75000 0 0
1.93750 -1.93750 -0.25000 0 0

4
2.58200
2
0.43750 0.56250 0.25000 0 0
1.43750 1.56250 -3.75000 0 0

4
2.58200
2
0.93750 0.06250 0.25000 0 0
1.93750 1.06250 -3.75000 0 0

4
2.58200
2
0.93750 0.06250 0.25000 0 0
2.93750 1.06250 -2.75000 0 0

4
2.58200
2
0.93750 0.06250 0.75000 0 0
2.93750 1.06250 -2.25000 0 0

4
2.58200
2
0.43750 0.56250 0.25000 0 0
1.43750 2.56250 -2.75000 0 0

4
2.58200
2
0.43750 0.56250 0.75000 0 0
1.43750 2.56250 -2.25000 0 0

4
2.58202
2
0.43750 0.56250 0.25000 0 0
-1.56250 -1.43750 -1.75000 0 0

4
2.58202
2
0.93750 0.06250 0.25000 0 0
-1.06250 -1.93750 -1.75000 0 0

2
2.59806
2
0.93750 0.06250 0.25000 0 0
2.43750 -1.43750 -1.25000 0 0

2
2.59806
2
0.93750 0.06250 0.75000 0 0
2.43750 -1.43750 -0.75000 0 0

2
2.59806
2
0.43750 0.56250 0.25000 0 0
1.93750 -0.93750 -1.25000 0 0

2
2.59806
2
0.43750 0.56250 0.25000 0 0
1.93750 -0.93750 1.75000 0 0

2
2.59807
2
0.43750 0.56250 0.25000 0 0
1.43750 -0.43750 -3.25000 0 0

2
2.59807
2
0.93750 0.06250 0.25000 0 0
1.93750 -0.93750 -3.25000 0 0

2
2.59807
2
0.93750 0.06250 0.75000 0 0
1.93750 -0.93750 -2.75000 0 0

2
2.59807
2
0.43750 0.56250 0.75000 0 0
-0.56250 1.56250 -2.75000 0 0

1
2.59808
2
0.43750 0.56250 0.25000 0 0
0.43750 0.56250 -4.25000 0 0

1
2.59808
2
0.93750 0.06250 0.25000 0 0
0.93750 0.06250 -4.25000 0 0

1
2.59808
2
0.43750 0.56250 0.75000 0 0
0.43750 0.56250 -3.75000 0 0

1
2.59808
2
0.93750 0.06250 0.75000 0 0
0.93750 0.06250 -3.75000 0 0

4
2.59811
2
0.43750 0.56250 0.75000 0 0
-2.06250 -0.93750 2.25000 0 0

4
2.59811
2
0.43750 0.56250 0.75000 0 0
-2.06250 -0.93750 -0.75000 0 0

4
2.59811
2
0.43750 0.56250 0.25000 0 0
-1.06250 -1.93750 -1.25000 0 0

4
2.59811
2
0.43750 0.56250 0.75000 0 0
-1.06250 -1.93750 -0.75000 0 0

4
2.64575
2
0.43750 0.56250 0.25000 0 0
0.43750 2.56250 3.25000 0 0

4
2.64575
2
0.43750 0.56250 0.75000 0 0
0.43750 2.56250 3.75000 0 0

4
2.64575
2
0.93750 0.06250 0.75000 0 0
0.93750 2.06250 3.75000 0 0

4
2.64575
2
0.93750 0.06250 0.75000 0 0
-1.06250 0.06250 -2.25000 0 0

4
2.64576
2
0.93750 0.06250 0.25000 0 0
0.43750 -2.43750 -1.75000 0 0

4
2.64576
2
0.93750 0.06250 0.75000 0 0
0.43750 -2.43750 -1.25000 0 0

4
2.64576
2
0.43750 0.56250 0.25000 0 0
-0.06250 -1.93750 -1.75000 0 0

4
2.64576
2
0.43750 0.56250 0.75000 0 0
-0.06250 -1.93750 -1.25000 0 0

4
2.66144
2
0.43750 0.56250 0.25000 0 0
1.43750 -1.43750 -1.25000 0 0

4
2.66144
2
0.93750 0.06250 0.25000 0 0
1.93750 -1.93750 -1.25000 0 0

4
2.66144
2
0.93750 0.06250 0.75000 0 0
1.93750 -1.93750 -0.75000 0 0

4
2.66144
2
0.43750 0.56250 0.75000 0 0
-0.56250 2.56250 -0.75000 0 0

4
2.66145
2
0.43750 0.56250 0.25000 0 0
-0.06250 2.06250 -3.25000 0 0

4
2.66145
2
0.43750 0.56250 0.75000 0 0
-0.06250 2.06250 -2.75000 0 0

4
2.66145
2
0.43750 0.56250 0.25000 0 0
0.93750 -0.93750 -3.25000 0 0

4
2.66145
2
0.43750 0.56250 0.75000 0 0
0.93750 -0.93750 -2.75000 0 0

4
2.66145
2
0.93750 0.06250 0.25000 0 0
0.43750 -0.43750 -4.25000 0 0

4
2.66145
2
0.93750 0.06250 0.75000 0 0
0.43750 -0.43750 -3.75000 0 0

4
2.66147
2
0.93750 0.06250 0.25000 0 0
2.43750 1.56250 -3.25000 0 0

4
2.66147
2
0.43750 0.56250 0.75000 0 0
-1.06250 -0.93750 -2.75000 0 0

2
2.70800
2
0.93750 0.06250 0.25000 0 0
2.43750 -1.43750 -1.75000 0 0

2
2.70800
2
0.93750 0.06250 0.75000 0 0
2.43750 -1.43750 -1.25000 0 0

2
2.70800
2
0.43750 0.56250 0.25000 0 0
1.93750 -0.93750 -1.75000 0 0

2
2.70800
2
0.43750 0.56250 0.25000 0 0
1.93750 -0.93750 2.25000 0 0

4
2.70800
2
0.93750 0.06250 0.25000 0 0
1.43750 -2.43750 0.25000 0 0

4
2.70800
2
0.43750 0.56250 0.25000 0 0
0.93750 -1.93750 0.25000 0 0

4
2.70802
2
0.93750 0.06250 0.25000 0 0
2.43750 0.56250 -3.75000 0 0

4
2.70802
2
0.93750 0.06250 0.75000 0 0
2.43750 0.56250 -3.25000 0 0

4
2.70802
2
0.43750 0.56250 0.25000 0 0
-0.06250 -0.93750 -3.75000 0 0

4
2.70802
2
0.93750 0.06250 0.25000 0 0
-0.56250 -0.43750 -3.75000 0 0

4
2.70804
2
0.43750 0.56250 0.75000 0 0
-2.06250 -0.93750 -1.25000 0 0

4
2.70804
2
0.43750 0.56250 0.75000 0 0
-2.06250 -0.93750 2.75000 0 0

4
2.70804
2
0.43750 0.56250 0.25000 0 0
-1.06250 -1.93750 -1.75000 0 0

4
2.70804
2
0.43750 0.56250 0.75000 0 0
-1.06250 -1.93750 -1.25000 0 0

4
2.72335
2
0.93750 0.06250 0.25000 0 0
1.43750 -2.43750 -0.25000 0 0

4
2.72335
2
0.93750 0.06250 0.25000 0 0
1.43750 -2.43750 0.75000 0 0

4
2.72335
2
0.43750 0.56250 0.25000 0 0
0.93750 -1.93750 -0.25000 0 0

4
2.72335
2
0.43750 0.56250 0.25000 0 0
0.93750 -1.93750 0.75000 0 0

2
2.72335
2
0.43750 0.56250 0.25000 0 0
-0.06250 1.06250 -4.25000 0 0

2
2.72335
2
0.43750 0.56250 0.25000 0 0
0.93750 0.06250 -4.25000 0 0

2
2.72335
2
0.93750 0.06250 0.75000 0 0
1.43750 -0.43750 -3.75000 0 0

2
2.72335
2
0.43750 0.56250 0.75000 0 0
0.93750 0.06250 -3.75000 0 0

2
2.72338
2
0.43750 0.56250 0.75000 0 0
2.43750 2.56250 3.25000 0 0

2
2.72338
2
0.93750 0.06250 0.25000 0 0
2.93750 2.06250 -2.25000 0 0

2
2.72338
2
0.43750 0.56250 0.75000 0 0
-1.56250 -1.43750 -1.75000 0 0

2
2.72338
2
0.93750 0.06250 0.75000 0 0
-1.06250 -1.93750 -1.75000 0 0

4
2.76886
2
0.43750 0.56250 0.25000 0 0
1.43750 -1.43750 -1.75000 0 0

4
2.76886
2
0.93750 0.06250 0.25000 0 0
1.93750 -1.93750 -1.75000 0 0

4
2.76886
2
0.43750 0.56250 0.75000 0 0
1.43750 -1.43750 -1.25000 0 0

4
2.76886
2
0.93750 0.06250 0.75000 0 0
1.93750 -1.93750 -1.25000 0 0

4
2.76887
2
0.93750 0.06250 0.25000 0 0
1.43750 -2.43750 -0.75000 0 0

4
2.76887
2
0.93750 0.06250 0.75000 0 0
1.43750 -2.43750 -0.25000 0 0

4
2.76887
2
0.43750 0.56250 0.25000 0 0
0.93750 -1.93750 -0.75000 0 0

4
2.76887
2
0.43750 0.56250 0.75000 0 0
0.93750 -1.93750 -0.25000 0 0

4
2.78388
2
0.43750 0.56250 0.25000 0 0
0.43750 -0.43750 -4.25000 0 0

4
2.78388
2
0.93750 0.06250 0.25000 0 0
1.93750 0.06250 -4.25000 0 0

4
2.78388
2
0.43750 0.56250 0.75000 0 0
-0.56250 0.56250 -3.75000 0 0

4
2.78388
2
0.93750 0.06250 0.25000 0 0
1.93750 0.06250 4.75000 0 0

4
2.78389
2
0.93750 0.06250 0.25000 0 0
0.43750 -2.43750 -2.25000 0 0

4
2.78389
2
0.93750 0.06250 0.75000 0 0
0.43750 -2.43750 -1.75000 0 0

4
2.78389
2
0.43750 0.56250 0.25000 0 0
2.93750 1.06250 -2.25000 0 0

4
2.78389
2
0.43750 0.56250 0.75000 0 0
-0.06250 -1.93750 -1.75000 0 0

4
2.78390
2
0.43750 0.56250 0.25000 0 0
1.43750 2.56250 -3.25000 0 0

4
2.78390
2
0.43750 0.56250 0.75000 0 0
1.43750 2.56250 -2.75000 0 0

4
2.78390
2
0.93750 0.06250 0.25000 0 0
-0.06250 -1.93750 -3.25000 0 0

4
2.78390
2
0.93750 0.06250 0.75000 0 0
-0.06250 -1.93750 -2.75000 0 0

2
2.82842
2
0.43750 0.56250 0.25000 0 0
1.43750 -0.43750 -3.75000 0 0

2
2.82842
2
0.93750 0.06250 0.25000 0 0
1.93750 -0.93750 -3.75000 0 0

2
2.82842
2
0.43750 0.56250 0.75000 0 0
1.43750 -0.43750 -3.25000 0 0

2
2.82842
2
0.93750 0.06250 0.75000 0 0
1.93750 -0.93750 -3.25000 0 0

4
2.82845
2
0.43750 0.56250 0.25000 0 0
-2.56250 -0.43750 0.25000 0 0

4
2.82845
2
0.93750 0.06250 0.25000 0 0
-2.06250 -0.93750 0.25000 0 0

2
2.84310
2
0.93750 0.06250 0.25000 0 0
2.43750 -1.43750 -2.25000 0 0

2
2.84310
2
0.93750 0.06250 0.75000 0 0
2.43750 -1.43750 -1.75000 0 0

2
2.84310
2
0.43750 0.56250 0.25000 0 0
1.93750 -0.93750 -2.25000 0 0

2
2.84310
2
0.43750 0.56250 0.25000 0 0
1.93750 -0.93750 2.75000 0 0

4
2.84311
2
0.93750 0.06250 0.25000 0 0
1.43750 -2.43750 -1.25000 0 0

4
2.84311
2
0.93750 0.06250 0.75000 0 0
1.43750 -2.43750 -0.75000 0 0

4
2.84311
2
0.43750 0.56250 0.25000 0 0
0.93750 -1.93750 -1.25000 0 0

4
2.84311
2
0.43750 0.56250 0.25000 0 0
0.93750 -1.93750 1.75000 0 0

4
2.84312
2
0.43750 0.56250 0.25000 0 0
2.43750 0.56250 -3.25000 0 0

4
2.84312
2
0.93750 0.06250 0.25000 0 0
2.93750 0.06250 -3.25000 0 0

4
2.84312
2
0.43750 0.56250 0.75000 0 0
0.43750 2.56250 -2.75000 0 0

4
2.84312
2
0.93750 0.06250 0.75000 0 0
0.93750 -1.93750 -2.75000 0 0

2
2.84313
2
0.43750 0.56250 0.25000 0 0
1.43750 1.56250 -4.25000 0 0

2
2.84313
2
0.93750 0.06250 0.25000 0 0
1.93750 1.06250 -4.25000 0 0

2
2.84313
2
0.93750 0.06250 0.75000 0 0
1.93750 1.06250 -3.75000 0 0

2
2.84313
2
0.43750 0.56250 0.25000 0 0
-0.56250 -0.43750 4.75000 0 0

4
2.84314
2
0.43750 0.56250 0.25000 0 0
-0.56250 -2.43750 -0.25000 0 0

4
2.84314
2
0.93750 0.06250 0.25000 0 0
-0.06250 -2.93750 -0.25000 0 0

4
2.84314
2
0.43750 0.56250 0.25000 0 0
-0.56250 -2.43750 0.75000 0 0

4
2.84314
2
0.93750 0.06250 0.25000 0 0
-0.06250 -2.93750 0.75000 0 0

4
2.84315
2
0.93750 0.06250 0.25000 0 0
-0.56250 -2.43750 -2.25000 0 0

4
2.84315
2
0.93750 0.06250 0.75000 0 0
-0.56250 -2.43750 -1.75000 0 0

4
2.84315
2
0.43750 0.56250 0.25000 0 0
2.93750 2.06250 -2.25000 0 0

4
2.84315
2
0.43750 0.56250 0.75000 0 0
-1.06250 -1.93750 -1.75000 0 0

4
2.88675
2
0.93750 0.06250 0.25000 0 0
1.43750 -1.43750 -3.75000 0 0

4
2.88675
2
0.93750 0.06250 0.75000 0 0
1.43750 -1.43750 -3.25000 0 0

4
2.88675
2
0.43750 0.56250 0.25000 0 0
0.93750 -0.93750 4.25000 0 0

4
2.88675
2
0.43750 0.56250 0.75000 0 0
0.93750 -0.93750 4.75000 0 0

2
2.88675
2
0.43750 0.56250 0.25000 0 0
0.43750 0.56250 -4.75000 0 0

2
2.88675
2
0.93750 0.06250 0.25000 0 0
0.93750 0.06250 -4.75000 0 0

4
2.88677
2
0.43750 0.56250 0.25000 0 0
-1.06250 -0.93750 -3.75000 0 0

4
2.88677
2
0.43750 0.56250 0.75000 0 0
-1.06250 -0.93750 -3.25000 0 0

4
2.88677
2
0.43750 0.56250 0.25000 0 0
-2.56250 -0.43750 -0.75000 0 0

4
2.88677
2
0.93750 0.06250 0.25000 0 0
-2.06250 -0.93750 -0.75000 0 0

4
2.88677
2
0.43750 0.56250 0.75000 0 0
-2.56250 -0.43750 -0.25000 0 0

4
2.88677
2
0.93750 0.06250 0.75000 0 0
-2.06250 -0.93750 -0.25000 0 0

4
2.88678
2
0.43750 0.56250 0.25000 0 0
2.43750 2.56250 3.25000 0 0

4
2.88678
2
0.93750 0.06250 0.75000 0 0
2.93750 2.06250 3.75000 0 0

4
2.88679
2
0.93750 0.06250 0.25000 0 0
-1.56250 -2.43750 0.25000 0 0

4
2.90114
2
0.43750 0.56250 0.75000 0 0
-0.56250 2.56250 3.25000 0 0

4
2.90114
2
0.93750 0.06250 0.25000 0 0
-0.06250 2.06250 -2.25000 0 0

4
2.90114
2
0.93750 0.06250 0.75000 0 0
1.93750 -1.93750 -1.75000 0 0

4
2.90114
2
0.43750 0.56250 0.75000 0 0
-0.56250 2.56250 -1.75000 0 0

4
2.90119
2
0.93750 0.06250 0.25000 0 0
-1.56250 -2.43750 -0.25000 0 0

4
2.90119
2
0.93750 0.06250 0.25000 0 0
-1.56250 -2.43750 0.75000 0 0

4
2.94391
2
0.93750 0.06250 0.25000 0 0
1.43750 -2.43750 -1.75000 0 0

4
2.94391
2
0.93750 0.06250 0.75000 0 0
1.43750 -2.43750 -1.25000 0 0

4
2.94391
2
0.43750 0.56250 0.25000 0 0
0.93750 -1.93750 -1.75000 0 0

4
2.94391
2
0.43750 0.56250 0.75000 0 0
0.93750 -1.93750 -1.25000 0 0

4
2.94392
2
0.43750 0.56250 0.75000 0 0
-0.06250 0.06250 -4.25000 0 0

4
2.94392
2
0.93750 0.06250 0.75000 0 0
1.43750 0.56250 -4.25000 0 0

4
2.94393
2
0.43750 0.56250 0.75000 0 0
-2.06250 0.06250 -2.25000 0 0

4
2.94393
2
0.43750 0.56250 0.75000 0 0
-2.06250 0.06250 3.75000 0 0

4
2.94393
2
0.43750 0.56250 0.25000 0 0
2.93750 1.06250 -2.75000 0 0

4
2.94393
2
0.43750 0.56250 0.75000 0 0
2.93750 1.06250 -2.25000 0 0

4
2.94396
2
0.93750 0.06250 0.25000 0 0
-1.56250 -2.43750 -0.75000 0 0

4
2.94396
2
0.93750 0.06250 0.75000 0 0
-1.56250 -2.43750 -0.25000 0 0

4
2.95804
2
0.93750 0.06250 0.25000 0 0
2.43750 0.56250 -4.25000 0 0

4
2.95804
2
0.93750 0.06250 0.75000 0 0
2.43750 0.56250 -3.75000 0 0

4
2.95804
2
0.43750 0.56250 0.25000 0 0
1.93750 1.06250 -4.25000 0 0

4
2.95804
2
0.93750 0.06250 0.75000 0 0
1.43750 1.56250 -3.75000 0 0

4
2.95806
2
0.43750 0.56250 0.25000 0 0
-2.56250 -0.43750 -1.25000 0 0

4
2.95806
2
0.93750 0.06250 0.25000 0 0
-2.06250 -0.93750 -1.25000 0 0

4
2.95806
2
0.43750 0.56250 0.75000 0 0
-2.56250 -0.43750 -0.75000 0 0

4
2.95806
2
0.93750 0.06250 0.75000 0 0
-2.06250 -0.93750 -0.75000 0 0

2
2.99998
2
0.93750 0.06250 0.75000 0 0
2.43750 -1.43750 -2.25000 0 0

2
2.99998
2
0.43750 0.56250 0.75000 0 0
-1.06250 2.06250 -2.25000 0 0

2
2.99998
2
0.43750 0.56250 0.75000 0 0
1.93750 -0.93750 3.75000 0 0

2
2.99998
2
0.43750 0.56250 0.75000 0 0
1.93750 -0.93750 -2.25000 0 0

2
3.00000
2
0.43750 0.56250 0.25000 0 0
-0.06250 1.06250 -4.75000 0 0

2
3.00000
2
0.43750 0.56250 0.75000 0 0
-0.06250 1.06250 -4.25000 0 0

2
3.00000
2
0.43750 0.56250 0.25000 0 0
0.93750 0.06250 -4.75000 0 0

2
3.00000
2
0.93750 0.06250 0.25000 0 0
0.43750 0.56250 -4.75000 0 0

4
3.00000
2
0.43750 0.56250 0.25000 0 0
-2.56250 0.56250 0.25000 0 0

4
3.00000
2
0.93750 0.06250 0.25000 0 0
-2.06250 0.06250 0.25000 0 0

4
3.00001
2
0.43750 0.56250 0.25000 0 0
2.43750 1.56250 -3.75000 0 0

4
3.00001
2
0.93750 0.06250 0.25000 0 0
2.93750 1.06250 -3.75000 0 0

4
3.00001
2
0.43750 0.56250 0.75000 0 0
2.43750 1.56250 -3.25000 0 0

4
3.00001
2
0.93750 0.06250 0.75000 0 0
2.93750 1.06250 -3.25000 0 0

4
3.00002
2
0.43750 0.56250 0.75000 0 0
-2.06250 -0.93750 3.75000 0 0

4
3.00002
2
0.43750 0.56250 0.75000 0 0
1.93750 3.06250 -2.25000 0 0

4
3.00002
2
0.43750 0.56250 0.25000 0 0
2.93750 2.06250 -2.75000 0 0

4
3.00002
2
0.43750 0.56250 0.75000 0 0
2.93750 2.06250 -2.25000 0 0

4
3.00004
2
0.43750 0.56250 0.75000 0 0
3.43750 2.56250 0.75000 0 0

4
3.00004
2
0.93750 0.06250 0.25000 0 0
-1.06250 -2.93750 0.25000 0 0

2
0.57735
3
0.43750 0.56250 0.25000 0 0
0.43750 0.56250 -0.25000 0 0
0.43750 0.56250 -0.75000 0 0

2
0.57735
3
0.93750 0.06250 0.25000 0 0
0.93750 0.06250 -0.25000 0 0
0.93750 0.06250 -0.75000 0 0

4
0.64550
3
0.93750 0.06250 0.25000 0 0
0.93750 0.06250 -0.25000 0 0
1.43750 0.56250 -0.25000 0 0

4
0.64550
3
0.93750 0.06250 0.25000 0 0
0.93750 0.06250 -0.75000 0 0
1.43750 0.56250 -0.25000 0 0

4
0.64550
3
0.93750 0.06250 0.25000 0 0
1.43750 0.56250 0.25000 0 0
1.43750 0.56250 -0.25000 0 0

4
0.64550
3
0.93750 0.06250 0.25000 0 0
1.43750 0.56250 0.75000 0 0
1.43750 0.56250 -0.25000 0 0

4
0.64550
3
0.43750 0.56250 0.25000 0 0
0.43750 0.56250 0.75000 0 0
-0.06250 0.06250 0.75000 0 0

4
0.64550
3
0.43750 0.56250 0.25000 0 0
-0.06250 0.06250 0.25000 0 0
-0.06250 0.06250 0.75000 0 0

4
0.81650
3
0.43750 0.56250 0.75000 0 0
0.43750 0.56250 0.25000 0 0
-0.06250 0.06250 -0.25000 0 0

4
0.81650
3
0.43750 0.56250 0.75000 0 0
0.43750 0.56250 -0.25000 0 0
-0.06250 0.06250 -0.25000 0 0

4
0.81650
3
0.43750 0.56250 0.75000 0 0
-0.06250 0.06250 0.75000 0 0
-0.06250 0.06250 -0.25000 0 0

4
0.81650
3
0.43750 0.56250 0.75000 0 0
-0.06250 0.06250 0.25000 0 0
-0.06250 0.06250 -0.25000 0 0

4
0.81650
3
0.93750 0.06250 0.75000 0 0
0.93750 0.06250 0.25000 0 0
1.43750 0.56250 -0.25000 0 0

4
0.81650
3
0.93750 0.06250 0.75000 0 0
0.93750 0.06250 -0.25000 0 0
1.43750 0.56250 -0.25000 0 0

4
0.81650
3
0.93750 0.06250 0.75000 0 0
1.43750 0.56250 0.75000 0 0
1.43750 0.56250 -0.25000 0 0

4
0.81650
3
0.93750 0.06250 0.75000 0 0
1.43750 0.56250 0.25000 0 0
1.43750 0.56250 -0.25000 0 0

2
0.86602
3
0.93750 0.06250 0.25000 0 0
0.93750 0.06250 -0.25000 0 0
1.43750 -0.43750 -0.25000 0 0

2
0.86602
3
0.93750 0.06250 0.25000 0 0
0.93750 0.06250 -0.75000 0 0
1.43750 -0.43750 -0.25000 0 0

2
0.86602
3
0.93750 0.06250 0.25000 0 0
1.43750 -0.43750 0.25000 0 0
1.43750 -0.43750 -0.25000 0 0

2
0.86602
3
0.93750 0.06250 0.25000 0 0
1.43750 -0.43750 0.75000 0 0
1.43750 -0.43750 -0.25000 0 0

2
0.86602
3
0.93750 0.06250 0.25000 0 0
0.93750 0.06250 0.75000 0 0
1.43750 -0.43750 0.75000 0 0

2
0.86602
3
0.93750 0.06250 0.25000 0 0
1.43750 -0.43750 0.25000 0 0
1.43750 -0.43750 0.75000 0 0

2
0.86602
3
0.93750 0.06250 0.75000 0 0
0.93750 0.06250 1.25000 0 0
0.43750 0.56250 1.25000 0 0

2
0.86602
3
0.93750 0.06250 0.75000 0 0
0.93750 0.06250 1.75000 0 0
0.43750 0.56250 1.25000 0 0

2
0.86602
3
0.93750 0.06250 0.75000 0 0
0.43750 0.56250 0.75000 0 0
0.43750 0.56250 1.25000 0 0

2
0.86602
3
0.93750 0.06250 0.75000 0 0
0.43750 0.56250 0.25000 0 0
0.43750 0.56250 1.25000 0 0

2
0.86602
3
0.43750 0.56250 0.25000 0 0
0.43750 0.56250 0.75000 0 0
0.93750 0.06250 0.75000 0 0

2
0.86602
3
0.43750 0.56250 0.25000 0 0
0.93750 0.06250 0.25000 0 0
0.93750 0.06250 0.75000 0 0

2
0.86603
3
0.43750 0.56250 0.25000 0 0
0.43750 0.56250 -0.25000 0 0
0.43750 0.56250 -1.25000 0 0

4
0.86603
3
0.43750 0.56250 0.25000 0 0
-0.06250 0.06250 -0.25000 0 0
0.43750 0.56250 -1.25000 0 0

2
0.86603
3
0.93750 0.06250 0.25000 0 0
0.93750 0.06250 -0.25000 0 0
0.93750 0.06250 -1.25000 0 0

4
0.86603
3
0.93750 0.06250 0.25000 0 0
1.43750 0.56250 -0.25000 0 0
0.93750 0.06250 -1.25000 0 0

2
0.86603
3
0.43750 0.56250 0.75000 0 0
0.43750 0.56250 0.25000 0 0
0.43750 0.56250 -0.75000 0 0

4
0.86603
3
0.43750 0.56250 0.75000 0 0
-0.06250 0.06250 0.25000 0 0
0.43750 0.56250 -0.75000 0 0

2
0.86603
3
0.93750 0.06250 0.75000 0 0
0.93750 0.06250 0.25000 0 0
0.93750 0.06250 -0.75000 0 0

4
0.86603
3
0.93750 0.06250 0.75000 0 0
0.43750 -0.43750 0.25000 0 0
0.93750 0.06250 -0.75000 0 0

2
0.99999
3
0.93750 0.06250 0.25000 0 0
0.93750 0.06250 -0.25000 0 0
1.43750 -0.43750 -0.75000 0 0

2
0.99999
3
0.93750 0.06250 0.25000 0 0
0.93750 0.06250 -0.75000 0 0
1.43750 -0.43750 -0.75000 0 0

2
0.99999
3
0.93750 0.06250 0.25000 0 0
1.43750 -0.43750 0.25000 0 0
1.43750 -0.43750 -0.75000 0 0

4
0.99999
3
0.93750 0.06250 0.25000 0 0
0.43750 -0.43750 -0.75000 0 0
1.43750 -0.43750 -0.75000 0 0

2
0.99999
3
0.93750 0.06250 0.25000 0 0
1.43750 -0.43750 -0.25000 0 0
1.43750 -0.43750 -0.75000 0 0

2
0.99999
3
0.93750 0.06250 0.25000 0 0
1.43750 -0.43750 0.75000 0 0
1.43750 -0.43750 -0.75000 0 0

2
0.99999
3
0.93750 0.06250 0.25000 0 0
0.93750 0.06250 -1.25000 0 0
1.43750 -0.43750 -0.75000 0 0

4
0.99999
3
0.93750 0.06250 0.25000 0 0
0.93750 -0.93750 0.25000 0 0
1.43750 -0.43750 -0.75000 0 0

2
0.99999
3
0.93750 0.06250 0.75000 0 0
0.93750 0.06250 0.25000 0 0
1.43750 -0.43750 -0.25000 0 0

2
0.99999
3
0.93750 0.06250 0.75000 0 0
0.93750 0.06250 -0.25000 0 0
1.43750 -0.43750 -0.25000 0 0

2
0.99999
3
0.93750 0.06250 0.75000 0 0
1.43750 -0.43750 0.75000 0 0
1.43750 -0.43750 -0.25000 0 0

4
0.99999
3
0.93750 0.06250 0.75000 0 0
1.43750 0.56250 -0.25000 0 0
1.43750 -0.43750 -0.25000 0 0

2
0.99999
3
0.93750 0.06250 0.75000 0 0
1.43750 -0.43750 1.25000 0 0
1.43750 -0.43750 -0.25000 0 0

2
0.99999
3
0.93750 0.06250 0.75000 0 0
1.43750 -0.43750 0.25000 0 0
1.43750 -0.43750 -0.25000 0 0

2
0.99999
3
0.93750 0.06250 0.75000 0 0
0.93750 0.06250 -0.75000 0 0
1.43750 -0.43750 -0.25000 0 0

4
0.99999
3
0.93750 0.06250 0.75000 0 0
0.93750 -0.93750 0.75000 0 0
1.43750 -0.43750 -0.25000 0 0

2
0.99999
3
0.93750 0.06250 0.25000 0 0
0.93750 0.06250 -0.25000 0 0
0.43750 0.56250 -0.75000 0 0

2
0.99999
3
0.93750 0.06250 0.25000 0 0
0.93750 0.06250 -0.75000 0 0
0.43750 0.56250 -0.75000 0 0

2
0.99999
3
0.93750 0.06250 0.25000 0 0
0.43750 0.56250 0.25000 0 0
0.43750 0.56250 -0.75000 0 0

4
0.99999
3
0.93750 0.06250 0.25000 0 0
0.43750 -0.43750 -0.75000 0 0
0.43750 0.56250 -0.75000 0 0

2
0.99999
3
0.93750 0.06250 0.25000 0 0
0.43750 0.56250 0.75000 0 0
0.43750 0.56250 -0.75000 0 0

2
0.99999
3
0.93750 0.06250 0.25000 0 0
0.43750 0.56250 -0.25000 0 0
0.43750 0.56250 -0.75000 0 0

2
0.99999
3
0.93750 0.06250 0.25000 0 0
0.93750 0.06250 -1.25000 0 0
0.43750 0.56250 -0.75000 0 0

4
0.99999
3
0.93750 0.06250 0.25000 0 0
-0.06250 0.06250 0.25000 0 0
0.43750 0.56250 -0.75000 0 0

2
0.99999
3
0.93750 0.06250 0.25000 0 0
0.93750 0.06250 0.75000 0 0
0.43750 0.56250 1.25000 0 0

2
0.99999
3
0.93750 0.06250 0.25000 0 0
0.93750 0.06250 1.25000 0 0
0.43750 0.56250 1.25000 0 0

2
0.99999
3
0.93750 0.06250 0.25000 0 0
0.43750 0.56250 0.25000 0 0
0.43750 0.56250 1.25000 0 0

4
0.99999
3
0.93750 0.06250 0.25000 0 0
0.43750 -0.43750 1.25000 0 0
0.43750 0.56250 1.25000 0 0

2
0.99999
3
0.93750 0.06250 0.25000 0 0
0.43750 0.56250 0.75000 0 0
0.43750 0.56250 1.25000 0 0

2
0.99999
3
0.93750 0.06250 0.25000 0 0
0.43750 0.56250 -0.25000 0 0
0.43750 0.56250 1.25000 0 0

2
0.99999
3
0.93750 0.06250 0.25000 0 0
0.93750 0.06250 1.75000 0 0
0.43750 0.56250 1.25000 0 0

4
0.99999
3
0.93750 0.06250 0.25000 0 0
-0.06250 0.06250 0.25000 0 0
0.43750 0.56250 1.25000 0 0

4
1.00000
3
0.43750 0.56250 0.25000 0 0
0.93750 1.06250 0.25000 0 0
0.43750 1.56250 0.25000 0 0

4
1.00000
3
0.43750 0.56250 0.25000 0 0
0.93750 1.06250 -0.25000 0 0
0.43750 1.56250 0.25000 0 0

4
1.00000
3
0.43750 0.56250 0.25000 0 0
0.93750 1.06250 0.75000 0 0
0.43750 1.56250 0.25000 0 0

4
1.00000
3
0.43750 0.56250 0.25000 0 0
-0.06250 1.06250 0.25000 0 0
0.43750 1.56250 0.25000 0 0

4
1.00000
3
0.43750 0.56250 0.25000 0 0
-0.06250 1.06250 -0.25000 0 0
0.43750 1.56250 0.25000 0 0

4
1.00000
3
0.43750 0.56250 0.25000 0 0
-0.06250 1.06250 0.75000 0 0
0.43750 1.56250 0.25000 0 0

4
1.00000
3
0.93750 0.06250 0.25000 0 0
0.43750 -0.43750 0.25000 0 0
0.93750 -0.93750 0.25000 0 0

4
1.00000
3
0.93750 0.06250 0.25000 0 0
0.43750 -0.43750 -0.25000 0 0
0.93750 -0.93750 0.25000 0 0

4
1.00000
3
0.93750 0.06250 0.25000 0 0
0.43750 -0.43750 0.75000 0 0
0.93750 -0.93750 0.25000 0 0

4
1.00000
3
0.93750 0.06250 0.25000 0 0
1.43750 -0.43750 0.25000 0 0
0.93750 -0.93750 0.25000 0 0

4
1.00000
3
0.93750 0.06250 0.25000 0 0
1.43750 -0.43750 -0.25000 0 0
0.93750 -0.93750 0.25000 0 0

4
1.00000
3
0.93750 0.06250 0.25000 0 0
1.43750 -0.43750 0.75000 0 0
0.93750 -0.93750 0.25000 0 0

