Reading supercells...
Initializing random supercells...
Initialization done.
Objective_function= -1.939904
Correlations_mismatch= 	0.093750	0.041667	0.114583	-0.041667	-0.156250	0.000000	-0.125000	0.062500	-0.020833	0.000000	0.020833	0.052083	0.052083
Objective_function= -1.943109
Correlations_mismatch= 	0.062500	0.010417	0.093750	0.000000	-0.114583	-0.031250	-0.125000	0.062500	-0.041667	-0.052083	0.020833	0.062500	0.062500
Objective_function= -1.955128
Correlations_mismatch= 	0.062500	0.000000	0.093750	-0.041667	-0.104167	0.000000	-0.062500	0.031250	-0.031250	-0.020833	0.031250	0.052083	0.052083
Objective_function= -3.210865
Correlations_mismatch= 	0.000000	-0.010417	0.114583	-0.166667	-0.114583	0.031250	-0.031250	0.000000	-0.046875	-0.031250	0.041667	0.052083	0.020833
Objective_function= -3.498368
Correlations_mismatch= 	0.000000	0.000000	0.104167	-0.166667	-0.104167	0.000000	-0.093750	0.000000	-0.072917	0.020833	0.000000	0.031250	0.000000
Objective_function= -3.517465
Correlations_mismatch= 	0.000000	0.000000	-0.041667	0.041667	0.010417	0.020833	-0.062500	-0.031250	0.020833	0.083333	-0.010417	-0.031250	0.010417
Objective_function= -3.521806
Correlations_mismatch= 	0.000000	0.000000	-0.020833	0.041667	0.010417	0.041667	-0.031250	-0.031250	0.010417	0.083333	-0.010417	-0.020833	-0.010417
Objective_function= -3.532222
Correlations_mismatch= 	0.000000	0.000000	0.020833	0.000000	-0.010417	0.020833	0.062500	0.000000	-0.010417	-0.020833	-0.020833	0.000000	-0.020833
Objective_function= -3.895953
Correlations_mismatch= 	0.000000	0.000000	0.000000	-0.208333	0.020833	0.104167	0.000000	0.062500	-0.036458	0.000000	-0.052083	0.031250	-0.041667
Objective_function= -4.130507
Correlations_mismatch= 	0.000000	0.000000	0.000000	0.000000	-0.031250	0.000000	0.031250	-0.062500	0.031250	-0.020833	0.031250	-0.010417	-0.010417
Objective_function= -4.132678
Correlations_mismatch= 	0.000000	0.000000	0.000000	0.000000	0.020833	-0.020833	-0.031250	0.000000	-0.036458	0.020833	0.010417	0.020833	0.041667
