Reading supercells...
Initializing random supercells...
Initialization done.
Objective_function= -1.946314
Correlations_mismatch= 	0.031250	0.083333	0.010417	-0.083333	-0.083333	0.000000	0.156250	-0.156250	-0.010417	0.041667	-0.020833	0.010417	-0.010417
Objective_function= -1.949519
Correlations_mismatch= 	-0.062500	0.093750	-0.052083	-0.041667	-0.083333	-0.031250	0.093750	-0.125000	-0.010417	0.052083	-0.010417	0.000000	0.000000
Objective_function= -1.957933
Correlations_mismatch= 	-0.218750	0.072917	-0.031250	0.000000	-0.041667	-0.010417	0.062500	-0.062500	0.005208	-0.010417	-0.020833	0.000000	-0.010417
Objective_function= -1.969952
Correlations_mismatch= 	-0.125000	0.010417	-0.010417	0.083333	0.000000	-0.010417	0.031250	0.000000	0.015625	-0.052083	-0.031250	0.010417	0.010417
Objective_function= -3.229962
Correlations_mismatch= 	0.000000	0.031250	0.010417	0.041667	-0.020833	-0.093750	0.062500	-0.031250	-0.005208	-0.072917	-0.010417	-0.031250	-0.020833
Objective_function= -3.238209
Correlations_mismatch= 	0.000000	-0.072917	0.010417	-0.041667	0.000000	-0.031250	-0.031250	-0.031250	0.000000	0.031250	-0.041667	0.010417	0.031250
Objective_function= -3.242983
Correlations_mismatch= 	0.000000	-0.052083	0.010417	-0.083333	0.000000	-0.010417	-0.031250	0.000000	0.005208	0.052083	-0.010417	0.000000	0.020833
Objective_function= -3.504445
Correlations_mismatch= 	0.000000	0.000000	0.052083	-0.125000	-0.062500	0.000000	-0.031250	0.093750	-0.031250	0.062500	0.020833	-0.031250	-0.010417
Objective_function= -3.520938
Correlations_mismatch= 	0.000000	0.000000	-0.041667	-0.041667	0.041667	-0.020833	-0.031250	0.000000	-0.010417	0.041667	0.062500	0.020833	-0.010417
Objective_function= -4.119223
Correlations_mismatch= 	0.000000	0.000000	0.000000	0.000000	-0.062500	-0.041667	0.031250	0.000000	-0.020833	-0.125000	0.010417	-0.031250	0.041667
