Reading supercells...
Initializing random supercells...
Initialization done.
Objective_function= -1.956731
Correlations_mismatch= 	0.062500	0.052083	-0.041667	-0.083333	0.020833	-0.093750	-0.062500	-0.031250	-0.031250	-0.031250	-0.010417	0.031250	-0.010417
Objective_function= -1.959135
Correlations_mismatch= 	0.031250	0.041667	-0.041667	-0.083333	0.031250	-0.104167	-0.062500	0.000000	0.000000	-0.041667	-0.010417	0.083333	0.000000
Objective_function= -3.210865
Correlations_mismatch= 	0.000000	0.052083	-0.041667	-0.125000	0.041667	-0.072917	-0.093750	0.031250	0.005208	-0.010417	-0.031250	0.135417	-0.020833
Objective_function= -3.216941
Correlations_mismatch= 	0.000000	0.052083	-0.062500	0.000000	0.010417	-0.093750	0.062500	-0.125000	-0.005208	0.031250	0.031250	0.052083	-0.062500
Objective_function= -3.229528
Correlations_mismatch= 	0.000000	0.020833	-0.010417	-0.125000	0.020833	0.020833	-0.031250	-0.062500	0.000000	0.020833	0.020833	0.072917	0.031250
Objective_function= -3.240813
Correlations_mismatch= 	0.000000	0.020833	0.000000	-0.041667	0.000000	-0.062500	-0.093750	-0.031250	-0.020833	0.020833	0.000000	-0.010417	0.000000
Objective_function= -3.247323
Correlations_mismatch= 	0.000000	-0.010417	0.010417	0.000000	-0.010417	-0.031250	-0.031250	0.000000	-0.015625	0.031250	0.010417	-0.031250	0.041667
Objective_function= -3.513993
Correlations_mismatch= 	0.000000	0.000000	-0.031250	0.041667	-0.041667	0.020833	-0.031250	-0.062500	0.020833	0.062500	0.041667	-0.041667	0.010417
Objective_function= -3.529618
Correlations_mismatch= 	0.000000	0.000000	0.010417	0.000000	-0.031250	0.020833	-0.031250	-0.031250	0.010417	-0.020833	-0.031250	-0.010417	0.020833
Objective_function= -3.790646
Correlations_mismatch= 	0.000000	0.000000	-0.031250	-0.041667	-0.072917	0.000000	0.000000	0.000000	0.020833	0.041667	0.020833	0.062500	0.020833
Objective_function= -3.797807
Correlations_mismatch= 	0.000000	0.000000	-0.041667	0.000000	-0.062500	0.000000	0.000000	0.000000	0.036458	0.020833	0.020833	0.072917	0.000000
Objective_function= -4.131810
Correlations_mismatch= 	0.000000	0.000000	0.000000	0.000000	-0.062500	0.041667	0.000000	0.000000	-0.005208	-0.020833	-0.020833	0.052083	0.010417
Objective_function= -5.139188
Correlations_mismatch= 	0.000000	0.000000	0.000000	0.000000	0.000000	0.020833	-0.031250	0.031250	0.000000	0.020833	0.010417	-0.010417	0.000000
Objective_function= -5.140490
Correlations_mismatch= 	0.000000	0.000000	0.000000	0.000000	0.000000	0.000000	0.000000	-0.031250	-0.015625	0.041667	0.000000	-0.010417	0.010417
