Reading supercells...
Initializing random supercells...
Initialization done.
Objective_function= -1.951522
Correlations_mismatch= 	0.031250	-0.041667	-0.031250	-0.125000	-0.020833	0.000000	0.031250	0.062500	0.026042	0.041667	0.052083	0.052083	0.114583
Objective_function= -3.211299
Correlations_mismatch= 	0.000000	-0.010417	-0.072917	-0.125000	-0.010417	-0.010417	0.000000	0.062500	0.041667	0.072917	0.062500	0.125000	0.062500
Objective_function= -3.224320
Correlations_mismatch= 	0.000000	-0.031250	0.052083	-0.083333	-0.093750	0.010417	0.062500	-0.031250	-0.020833	0.010417	0.000000	0.031250	0.072917
Objective_function= -3.229094
Correlations_mismatch= 	0.000000	-0.031250	0.010417	-0.083333	-0.041667	0.031250	0.062500	0.000000	-0.005208	0.052083	0.000000	0.062500	0.062500
Objective_function= -3.239945
Correlations_mismatch= 	0.000000	-0.020833	-0.020833	0.000000	-0.020833	0.020833	0.062500	-0.031250	0.010417	0.062500	0.031250	0.020833	-0.010417
Objective_function= -3.244719
Correlations_mismatch= 	0.000000	-0.031250	-0.010417	0.000000	0.000000	0.031250	0.093750	0.000000	0.015625	0.052083	0.010417	0.010417	0.000000
Objective_function= -3.519202
Correlations_mismatch= 	0.000000	0.000000	-0.052083	0.000000	0.031250	-0.041667	0.031250	0.062500	0.041667	0.020833	0.020833	0.031250	-0.010417
Objective_function= -3.528750
Correlations_mismatch= 	0.000000	0.000000	0.020833	-0.041667	0.000000	-0.020833	0.031250	-0.031250	-0.020833	-0.020833	0.010417	0.020833	0.010417
Objective_function= -4.132244
Correlations_mismatch= 	0.000000	0.000000	0.000000	0.000000	-0.031250	-0.041667	0.093750	0.000000	0.010417	0.020833	-0.010417	0.000000	0.000000
Objective_function= -4.132678
Correlations_mismatch= 	0.000000	0.000000	0.000000	0.000000	-0.031250	0.000000	0.000000	-0.031250	0.015625	-0.041667	0.020833	-0.031250	-0.031250
Objective_function= -5.136150
Correlations_mismatch= 	0.000000	0.000000	0.000000	0.000000	0.000000	0.020833	-0.031250	0.000000	-0.015625	0.041667	0.010417	-0.031250	0.010417
Objective_function= -5.140490
Correlations_mismatch= 	0.000000	0.000000	0.000000	0.000000	0.000000	-0.020833	0.062500	0.000000	-0.005208	0.000000	0.010417	0.000000	-0.010417
Objective_function= -5.141358
Correlations_mismatch= 	0.000000	0.000000	0.000000	0.000000	0.000000	0.041667	0.000000	0.031250	-0.005208	0.000000	-0.010417	-0.010417	0.000000
