Reading supercells...
Initializing random supercells...
Initialization done.
Objective_function= -1.958734
Correlations_mismatch= 	0.062500	-0.052083	-0.062500	-0.020833	0.052083	0.026042	0.109375	0.015625	-0.010417	0.026042	0.088542	0.005208	0.005208
Objective_function= -1.961538
Correlations_mismatch= 	0.093750	-0.031250	-0.062500	-0.062500	0.041667	-0.015625	0.015625	0.015625	-0.036458	0.005208	0.078125	0.015625	0.026042
Objective_function= -1.969952
Correlations_mismatch= 	0.062500	-0.052083	-0.041667	0.062500	0.052083	-0.015625	0.046875	0.015625	0.000000	0.005208	-0.005208	0.015625	0.015625
Objective_function= -1.974359
Correlations_mismatch= 	0.031250	-0.010417	-0.041667	0.020833	0.062500	0.005208	0.015625	0.015625	-0.005208	0.026042	-0.036458	0.057292	0.005208
Objective_function= -3.238643
Correlations_mismatch= 	0.000000	-0.010417	-0.020833	0.062500	0.052083	0.026042	-0.015625	-0.046875	0.020833	-0.036458	-0.026042	0.005208	-0.005208
Objective_function= -3.239511
Correlations_mismatch= 	0.000000	0.031250	-0.020833	0.020833	0.000000	-0.015625	-0.109375	-0.046875	0.000000	0.005208	-0.026042	-0.005208	-0.036458
Objective_function= -3.244285
Correlations_mismatch= 	0.000000	-0.010417	0.010417	-0.020833	-0.052083	0.046875	0.015625	-0.015625	0.015625	-0.015625	-0.005208	0.005208	0.046875
Objective_function= -3.519636
Correlations_mismatch= 	0.000000	0.000000	-0.010417	0.020833	-0.072917	-0.005208	0.078125	0.015625	-0.020833	-0.026042	0.036458	-0.026042	0.026042
Objective_function= -3.524410
Correlations_mismatch= 	0.000000	0.000000	-0.010417	-0.062500	-0.010417	-0.067708	-0.015625	0.015625	0.015625	-0.005208	0.026042	0.026042	0.026042
Objective_function= -3.915050
Correlations_mismatch= 	0.000000	0.000000	0.000000	-0.020833	0.010417	-0.026042	-0.015625	-0.109375	-0.031250	0.057292	0.005208	0.005208	0.046875
Objective_function= -3.917655
Correlations_mismatch= 	0.000000	0.000000	0.000000	-0.062500	0.010417	-0.005208	-0.109375	0.015625	0.020833	0.036458	0.005208	0.005208	0.026042
Objective_function= -3.918089
Correlations_mismatch= 	0.000000	0.000000	0.000000	0.020833	0.000000	0.078125	0.015625	0.015625	-0.005208	-0.088542	0.015625	-0.036458	-0.015625
Objective_function= -3.923731
Correlations_mismatch= 	0.000000	0.000000	0.000000	-0.020833	-0.010417	0.015625	-0.046875	0.015625	-0.062500	-0.005208	0.036458	-0.005208	0.005208
Objective_function= -3.925467
Correlations_mismatch= 	0.000000	0.000000	0.000000	-0.020833	0.010417	0.036458	-0.015625	0.015625	-0.031250	-0.005208	0.046875	0.005208	0.015625
