Reading supercells...
Initializing random supercells...
Initialization done.
Objective_function= -1.966747
Correlations_mismatch= 	-0.031250	-0.062500	-0.020833	0.020833	0.031250	-0.036458	-0.015625	-0.015625	-0.052083	0.005208	-0.057292	0.057292	-0.026042
Objective_function= -1.971554
Correlations_mismatch= 	-0.031250	-0.072917	0.020833	0.020833	0.000000	0.015625	-0.015625	-0.078125	-0.010417	-0.026042	-0.067708	0.005208	0.005208
Objective_function= -3.226056
Correlations_mismatch= 	0.000000	-0.031250	-0.010417	0.062500	-0.062500	-0.026042	-0.015625	-0.015625	0.026042	-0.088542	-0.057292	0.036458	0.046875
Objective_function= -3.228226
Correlations_mismatch= 	0.000000	-0.072917	0.020833	0.062500	-0.041667	-0.005208	-0.015625	-0.046875	0.010417	-0.046875	-0.057292	0.046875	0.026042
Objective_function= -3.231264
Correlations_mismatch= 	0.000000	-0.031250	-0.031250	0.104167	0.000000	0.015625	-0.046875	-0.046875	-0.026042	0.015625	-0.088542	-0.005208	0.005208
Objective_function= -3.236472
Correlations_mismatch= 	0.000000	0.010417	0.000000	0.020833	-0.062500	0.078125	0.015625	0.046875	-0.015625	0.036458	0.005208	-0.046875	0.015625
Objective_function= -3.236906
Correlations_mismatch= 	0.000000	-0.072917	0.020833	0.104167	-0.010417	0.015625	-0.015625	-0.015625	-0.031250	-0.005208	-0.026042	0.026042	-0.005208
Objective_function= -3.237775
Correlations_mismatch= 	0.000000	-0.052083	0.010417	0.020833	0.000000	0.036458	-0.078125	0.015625	-0.041667	0.036458	-0.026042	-0.015625	0.005208
Objective_function= -3.238209
Correlations_mismatch= 	0.000000	-0.041667	-0.010417	-0.020833	0.000000	0.046875	-0.078125	0.046875	-0.005208	0.026042	-0.015625	-0.026042	-0.015625
Objective_function= -3.239511
Correlations_mismatch= 	0.000000	0.052083	0.020833	-0.020833	-0.020833	-0.005208	0.046875	-0.015625	0.052083	0.036458	0.005208	-0.015625	0.026042
Objective_function= -3.245587
Correlations_mismatch= 	0.000000	-0.031250	-0.010417	0.062500	-0.010417	-0.005208	0.015625	-0.015625	0.020833	0.015625	0.005208	-0.026042	-0.026042
Objective_function= -3.511823
Correlations_mismatch= 	0.000000	0.000000	-0.052083	-0.104167	0.052083	-0.098958	0.015625	-0.015625	0.000000	-0.036458	-0.015625	-0.036458	-0.005208
Objective_function= -3.514861
Correlations_mismatch= 	0.000000	0.000000	-0.020833	-0.062500	0.052083	-0.015625	0.046875	-0.109375	-0.015625	0.005208	-0.036458	-0.026042	0.005208
Objective_function= -3.517031
Correlations_mismatch= 	0.000000	0.000000	-0.041667	-0.020833	0.020833	-0.057292	-0.046875	-0.015625	0.010417	0.046875	-0.067708	-0.026042	0.015625
Objective_function= -3.528750
Correlations_mismatch= 	0.000000	0.000000	-0.020833	0.020833	0.000000	0.005208	-0.015625	0.046875	0.005208	-0.036458	-0.036458	0.005208	0.036458
Objective_function= -3.919391
Correlations_mismatch= 	0.000000	0.000000	0.000000	0.020833	0.000000	0.046875	0.015625	0.015625	0.031250	-0.078125	0.057292	-0.005208	-0.005208
Objective_function= -3.924165
Correlations_mismatch= 	0.000000	0.000000	0.000000	0.020833	-0.020833	0.046875	0.015625	-0.015625	-0.046875	0.005208	0.005208	0.036458	-0.005208
