Reading supercells...
Initializing random supercells...
Initialization done.
Objective_function= -1.964744
Correlations_mismatch= 	0.062500	0.020833	-0.093750	0.000000	0.062500	0.062500	-0.031250	0.000000	-0.020833	0.083333	-0.010417	0.000000	-0.010417
Objective_function= -1.967147
Correlations_mismatch= 	0.031250	0.031250	-0.020833	0.000000	0.020833	0.010417	0.062500	-0.062500	-0.010417	0.135417	-0.041667	0.000000	0.000000
Objective_function= -3.219545
Correlations_mismatch= 	0.000000	0.041667	-0.010417	-0.041667	0.031250	-0.020833	0.093750	-0.125000	-0.015625	0.104167	-0.020833	-0.010417	0.041667
Objective_function= -3.228226
Correlations_mismatch= 	0.000000	0.031250	0.000000	0.000000	0.000000	-0.114583	-0.093750	-0.062500	-0.026042	0.052083	-0.052083	-0.010417	0.010417
Objective_function= -3.245153
Correlations_mismatch= 	0.000000	-0.020833	0.000000	0.000000	-0.020833	-0.020833	0.000000	0.062500	0.000000	0.020833	-0.072917	0.010417	0.020833
Objective_function= -3.501406
Correlations_mismatch= 	0.000000	0.000000	-0.010417	0.125000	-0.052083	-0.104167	-0.062500	0.062500	-0.005208	0.041667	-0.041667	0.010417	0.041667
Objective_function= -3.513993
Correlations_mismatch= 	0.000000	0.000000	0.031250	0.125000	-0.020833	-0.062500	0.062500	0.031250	-0.020833	0.020833	-0.020833	0.000000	-0.010417
Objective_function= -3.921561
Correlations_mismatch= 	0.000000	0.000000	0.000000	-0.083333	0.000000	-0.041667	0.000000	0.000000	0.020833	0.000000	0.020833	0.062500	-0.020833
Objective_function= -4.114882
Correlations_mismatch= 	0.000000	0.000000	0.000000	0.000000	-0.083333	0.020833	-0.062500	-0.031250	-0.020833	-0.125000	0.031250	0.020833	0.020833
Objective_function= -4.119223
Correlations_mismatch= 	0.000000	0.000000	0.000000	0.000000	-0.020833	-0.083333	0.031250	0.000000	0.031250	0.083333	-0.052083	0.010417	-0.052083
Objective_function= -5.127903
Correlations_mismatch= 	0.000000	0.000000	0.000000	0.000000	0.000000	0.125000	-0.031250	0.000000	-0.031250	0.000000	-0.020833	-0.031250	-0.020833
