Reading supercells...
Initializing random supercells...
Initialization done.
Objective_function= -1.952324
Correlations_mismatch= 	0.156250	-0.020833	0.010417	-0.166667	-0.072917	-0.041667	0.031250	-0.031250	-0.015625	0.000000	0.010417	-0.041667	-0.020833
Objective_function= -1.957131
Correlations_mismatch= 	0.093750	-0.041667	0.000000	-0.125000	-0.031250	-0.041667	0.062500	-0.031250	-0.026042	0.041667	-0.041667	0.000000	-0.020833
Objective_function= -1.966346
Correlations_mismatch= 	0.093750	-0.041667	-0.020833	-0.083333	-0.041667	-0.020833	0.031250	0.000000	-0.031250	0.041667	-0.010417	0.010417	-0.010417
Objective_function= -1.969151
Correlations_mismatch= 	0.062500	-0.041667	-0.031250	-0.125000	-0.020833	0.000000	0.031250	0.031250	-0.036458	0.000000	0.000000	-0.010417	-0.010417
Objective_function= -1.973558
Correlations_mismatch= 	0.031250	-0.041667	0.000000	-0.083333	-0.062500	-0.020833	0.000000	0.031250	-0.031250	0.000000	0.020833	-0.010417	0.010417
Objective_function= -3.214771
Correlations_mismatch= 	0.000000	-0.072917	0.031250	-0.083333	-0.093750	0.072917	-0.031250	0.062500	-0.041667	0.093750	0.010417	-0.010417	0.010417
Objective_function= -3.218677
Correlations_mismatch= 	0.000000	-0.062500	0.031250	-0.083333	-0.031250	0.062500	-0.062500	0.093750	-0.005208	0.000000	-0.062500	-0.062500	0.010417
Objective_function= -3.219545
Correlations_mismatch= 	0.000000	-0.041667	0.052083	-0.083333	-0.072917	0.062500	-0.062500	0.062500	0.005208	0.020833	-0.010417	-0.083333	0.000000
Objective_function= -3.227792
Correlations_mismatch= 	0.000000	-0.020833	0.093750	-0.083333	-0.072917	0.041667	0.000000	-0.031250	0.010417	0.020833	-0.010417	-0.062500	0.010417
Objective_function= -3.229528
Correlations_mismatch= 	0.000000	0.020833	0.020833	-0.041667	0.020833	0.000000	0.093750	-0.031250	-0.031250	-0.083333	0.000000	0.072917	0.020833
Objective_function= -3.512257
Correlations_mismatch= 	0.000000	0.000000	0.020833	0.000000	0.031250	0.000000	0.125000	-0.031250	-0.020833	-0.083333	-0.020833	0.083333	0.010417
Objective_function= -3.513993
Correlations_mismatch= 	0.000000	0.000000	-0.041667	0.083333	0.000000	-0.020833	-0.062500	0.000000	0.000000	-0.125000	0.020833	-0.010417	0.041667
Objective_function= -3.515295
Correlations_mismatch= 	0.000000	0.000000	-0.010417	-0.208333	-0.010417	0.000000	-0.031250	-0.031250	-0.005208	-0.020833	-0.031250	0.010417	-0.031250
Objective_function= -3.912446
Correlations_mismatch= 	0.000000	0.000000	0.000000	-0.125000	-0.020833	0.000000	-0.031250	-0.093750	-0.005208	-0.020833	-0.031250	0.020833	0.010417
Objective_function= -4.117487
Correlations_mismatch= 	0.000000	0.000000	0.000000	0.000000	-0.041667	-0.104167	-0.031250	0.031250	0.031250	0.083333	0.041667	-0.010417	0.010417
Objective_function= -4.174125
Correlations_mismatch= 	0.000000	0.000000	0.000000	-0.250000	-0.020833	0.000000	0.000000	0.000000	-0.005208	-0.083333	0.010417	-0.031250	0.000000
