Reading supercells...
Initializing random supercells...
Initialization done.
Objective_function= -1.962841
Correlations_mismatch= 	-0.078125	-0.057292	0.026042	-0.015625	-0.015625	0.018880	-0.064453	-0.033203	-0.059245	-0.001953	-0.043620	0.050130	0.018880
Objective_function= -1.967047
Correlations_mismatch= 	-0.015625	-0.067708	-0.005208	-0.057292	-0.015625	-0.033203	-0.064453	-0.001953	-0.027995	-0.012370	-0.054036	0.050130	-0.022786
Objective_function= -1.969551
Correlations_mismatch= 	0.078125	0.026042	-0.046875	-0.015625	-0.005208	-0.043620	-0.001953	0.029297	-0.027995	-0.001953	0.008464	0.070964	0.039714
Objective_function= -1.972957
Correlations_mismatch= 	-0.015625	-0.005208	-0.078125	0.026042	-0.005208	0.008464	-0.001953	0.154297	-0.017578	-0.012370	-0.001953	-0.001953	-0.022786
Objective_function= -1.975761
Correlations_mismatch= 	-0.109375	-0.026042	-0.005208	0.026042	-0.005208	0.008464	-0.033203	-0.033203	0.008464	-0.033203	-0.001953	-0.022786	-0.001953
Objective_function= -1.976663
Correlations_mismatch= 	0.078125	0.005208	-0.026042	-0.015625	-0.026042	0.018880	0.029297	-0.001953	-0.001953	-0.001953	0.050130	0.029297	0.018880
Objective_function= -1.977264
Correlations_mismatch= 	0.046875	-0.015625	-0.036458	0.067708	-0.005208	0.039714	-0.001953	-0.033203	-0.007161	-0.001953	-0.001953	0.029297	0.008464
Objective_function= -1.981170
Correlations_mismatch= 	0.015625	-0.046875	-0.015625	-0.015625	0.005208	-0.012370	0.029297	-0.033203	-0.012370	0.008464	-0.001953	0.039714	0.008464
Objective_function= -1.981270
Correlations_mismatch= 	0.015625	-0.036458	-0.015625	-0.015625	-0.036458	-0.001953	-0.001953	0.029297	-0.027995	-0.001953	-0.001953	0.008464	0.050130
Objective_function= -1.985577
Correlations_mismatch= 	-0.015625	0.026042	-0.026042	0.026042	-0.005208	0.039714	-0.001953	-0.001953	0.013672	-0.001953	0.008464	-0.001953	0.018880
Objective_function= -1.988682
Correlations_mismatch= 	-0.015625	-0.005208	0.005208	-0.015625	-0.005208	-0.012370	-0.001953	-0.001953	-0.007161	-0.012370	-0.001953	-0.033203	0.029297
