Reading supercells...
Initializing random supercells...
Initialization done.
Objective_function= -1.922276
Correlations_mismatch= 	-0.187500	-0.010417	0.052083	-0.083333	0.020833	-0.260417	-0.062500	0.031250	-0.062500	0.072917	0.031250	-0.093750	-0.041667
Objective_function= -1.929487
Correlations_mismatch= 	-0.156250	0.020833	0.052083	-0.125000	0.010417	-0.166667	0.000000	0.062500	-0.031250	0.083333	0.041667	-0.125000	-0.041667
Objective_function= -1.946715
Correlations_mismatch= 	-0.125000	0.031250	0.041667	-0.083333	-0.020833	-0.114583	0.000000	0.093750	-0.005208	0.072917	0.020833	-0.072917	0.010417
Objective_function= -1.954327
Correlations_mismatch= 	-0.093750	0.020833	0.020833	-0.083333	-0.031250	-0.062500	0.031250	0.062500	-0.052083	0.000000	0.052083	-0.072917	0.010417
Objective_function= -1.976362
Correlations_mismatch= 	-0.062500	0.000000	0.010417	-0.041667	-0.020833	-0.041667	0.000000	0.000000	-0.036458	0.020833	0.031250	-0.041667	0.000000
Objective_function= -3.220847
Correlations_mismatch= 	0.000000	-0.062500	0.031250	0.041667	-0.041667	0.020833	-0.125000	-0.156250	-0.010417	-0.020833	0.020833	0.010417	0.000000
Objective_function= -3.223886
Correlations_mismatch= 	0.000000	-0.052083	0.041667	0.000000	-0.072917	0.031250	-0.093750	-0.125000	0.005208	-0.010417	0.000000	0.041667	-0.031250
Objective_function= -3.514861
Correlations_mismatch= 	0.000000	0.000000	-0.010417	-0.083333	-0.093750	0.020833	0.000000	0.000000	0.010417	0.062500	-0.020833	-0.052083	-0.041667
Objective_function= -3.915050
Correlations_mismatch= 	0.000000	0.000000	0.000000	-0.083333	-0.093750	0.020833	0.000000	0.000000	0.005208	0.041667	0.000000	-0.020833	-0.062500
Objective_function= -4.129205
Correlations_mismatch= 	0.000000	0.000000	0.000000	0.000000	-0.020833	0.041667	0.062500	0.062500	-0.005208	-0.020833	0.020833	-0.010417	0.000000
Objective_function= -4.129639
Correlations_mismatch= 	0.000000	0.000000	0.000000	0.000000	-0.010417	0.041667	0.062500	0.031250	0.020833	0.020833	-0.010417	0.000000	-0.041667
Objective_function= -4.202771
Correlations_mismatch= 	0.000000	0.000000	0.000000	-0.041667	-0.010417	0.000000	0.000000	0.000000	-0.005208	0.062500	0.010417	-0.041667	0.000000
