Reading supercells...
Initializing random supercells...
Initialization done.
Objective_function= -1.946715
Correlations_mismatch= 	-0.125000	0.000000	0.031250	-0.083333	-0.010417	-0.125000	-0.031250	-0.062500	-0.046875	0.020833	0.031250	-0.083333	-0.041667
Objective_function= -1.954327
Correlations_mismatch= 	-0.093750	0.010417	0.020833	-0.083333	-0.010417	-0.072917	0.000000	-0.062500	-0.031250	0.031250	0.041667	-0.093750	-0.041667
Objective_function= -1.957532
Correlations_mismatch= 	-0.062500	-0.010417	0.031250	-0.041667	-0.041667	-0.031250	-0.031250	-0.125000	-0.041667	0.010417	0.062500	-0.031250	-0.031250
Objective_function= -1.971554
Correlations_mismatch= 	-0.062500	0.000000	0.020833	0.000000	-0.020833	-0.020833	0.000000	-0.093750	-0.046875	0.020833	0.041667	-0.020833	0.020833
Objective_function= -3.232132
Correlations_mismatch= 	0.000000	0.031250	-0.010417	-0.083333	0.020833	0.031250	0.000000	0.093750	-0.010417	-0.031250	0.020833	-0.072917	0.000000
Objective_function= -3.241681
Correlations_mismatch= 	0.000000	0.020833	-0.031250	-0.041667	0.020833	0.000000	-0.031250	0.062500	-0.031250	0.000000	-0.010417	-0.031250	0.010417
Objective_function= -3.510087
Correlations_mismatch= 	0.000000	0.000000	-0.083333	-0.041667	0.010417	0.000000	0.031250	0.000000	-0.057292	-0.041667	-0.093750	-0.052083	-0.041667
Objective_function= -3.511389
Correlations_mismatch= 	0.000000	0.000000	0.020833	0.083333	-0.031250	-0.041667	0.031250	-0.031250	0.020833	0.020833	0.041667	0.052083	0.062500
Objective_function= -3.516597
Correlations_mismatch= 	0.000000	0.000000	0.020833	0.083333	-0.031250	-0.041667	0.000000	0.000000	0.010417	-0.020833	0.041667	0.062500	0.062500
Objective_function= -3.518333
Correlations_mismatch= 	0.000000	0.000000	-0.010417	0.125000	-0.020833	0.000000	-0.031250	-0.031250	-0.010417	-0.041667	-0.010417	0.052083	0.020833
Objective_function= -3.923297
Correlations_mismatch= 	0.000000	0.000000	0.000000	-0.041667	0.010417	0.020833	0.000000	0.031250	0.000000	0.020833	-0.020833	-0.052083	-0.031250
Objective_function= -5.129639
Correlations_mismatch= 	0.000000	0.000000	0.000000	0.000000	0.000000	0.000000	0.031250	0.062500	0.000000	0.041667	-0.041667	-0.041667	-0.020833
Objective_function= -5.130941
Correlations_mismatch= 	0.000000	0.000000	0.000000	0.000000	0.000000	-0.062500	0.031250	0.000000	0.036458	-0.020833	-0.031250	-0.010417	0.031250
Objective_function= -5.135282
Correlations_mismatch= 	0.000000	0.000000	0.000000	0.000000	0.000000	0.041667	0.031250	-0.031250	-0.005208	0.000000	-0.041667	-0.010417	0.010417
