Reading supercells...
Initializing random supercells...
Initialization done.
Objective_function= -1.961138
Correlations_mismatch= 	-0.031250	-0.010417	-0.083333	0.020833	-0.052083	-0.046875	-0.015625	-0.078125	-0.031250	-0.046875	-0.067708	-0.005208	-0.015625
Objective_function= -3.231698
Correlations_mismatch= 	0.000000	0.010417	-0.083333	-0.020833	-0.041667	-0.026042	0.015625	-0.015625	-0.041667	-0.046875	-0.078125	-0.005208	-0.026042
Objective_function= -3.233868
Correlations_mismatch= 	0.000000	-0.031250	-0.010417	-0.020833	0.000000	-0.067708	0.015625	-0.109375	-0.036458	0.036458	0.026042	-0.015625	-0.015625
Objective_function= -3.505747
Correlations_mismatch= 	0.000000	0.000000	0.072917	-0.104167	-0.041667	0.005208	0.109375	-0.046875	0.031250	0.026042	0.026042	0.015625	-0.026042
Objective_function= -3.512691
Correlations_mismatch= 	0.000000	0.000000	-0.041667	-0.062500	0.062500	0.046875	-0.015625	0.078125	-0.010417	0.005208	-0.026042	-0.046875	0.026042
Objective_function= -3.519636
Correlations_mismatch= 	0.000000	0.000000	-0.020833	0.020833	0.020833	0.026042	0.046875	0.046875	-0.010417	-0.078125	0.005208	-0.026042	0.036458
Objective_function= -3.524410
Correlations_mismatch= 	0.000000	0.000000	0.020833	0.020833	-0.041667	0.026042	0.015625	0.078125	-0.015625	0.026042	-0.005208	0.026042	-0.005208
Objective_function= -3.895519
Correlations_mismatch= 	0.000000	0.000000	0.000000	-0.104167	-0.052083	-0.057292	-0.015625	-0.046875	0.026042	0.151042	-0.015625	-0.036458	-0.057292
Objective_function= -3.920259
Correlations_mismatch= 	0.000000	0.000000	0.000000	-0.062500	-0.020833	0.005208	0.015625	-0.046875	0.031250	0.067708	-0.005208	0.005208	-0.005208
Objective_function= -3.927203
Correlations_mismatch= 	0.000000	0.000000	0.000000	0.020833	-0.010417	0.026042	0.015625	0.046875	0.020833	0.005208	-0.015625	0.005208	0.015625
