Reading supercells...
Initializing random supercells...
Initialization done.
Objective_function= -3.207393
Correlations_mismatch= 	0.000000	-0.125000	0.010417	0.104167	0.000000	-0.098958	-0.140625	-0.078125	-0.020833	-0.057292	-0.005208	0.046875	-0.015625
Objective_function= -3.212601
Correlations_mismatch= 	0.000000	-0.114583	0.020833	0.062500	-0.020833	-0.046875	-0.140625	-0.078125	-0.052083	-0.026042	-0.005208	0.046875	-0.026042
Objective_function= -3.233434
Correlations_mismatch= 	0.000000	-0.083333	0.010417	0.020833	0.000000	-0.036458	-0.078125	-0.015625	-0.041667	-0.015625	0.015625	0.026042	-0.046875
Objective_function= -3.239511
Correlations_mismatch= 	0.000000	-0.072917	0.000000	0.020833	-0.020833	0.015625	-0.046875	0.015625	0.000000	-0.005208	-0.026042	-0.015625	-0.078125
Objective_function= -3.502274
Correlations_mismatch= 	0.000000	0.000000	-0.010417	-0.104167	-0.041667	0.026042	0.078125	-0.046875	-0.010417	-0.119792	-0.026042	-0.036458	-0.046875
Objective_function= -3.879894
Correlations_mismatch= 	0.000000	0.000000	0.000000	-0.187500	0.031250	0.067708	0.078125	-0.171875	-0.005208	-0.078125	-0.015625	-0.036458	-0.078125
Objective_function= -3.903332
Correlations_mismatch= 	0.000000	0.000000	0.000000	-0.104167	-0.093750	0.088542	-0.046875	0.015625	0.005208	-0.036458	-0.036458	-0.026042	0.015625
Objective_function= -3.918523
Correlations_mismatch= 	0.000000	0.000000	0.000000	-0.020833	-0.031250	-0.036458	0.046875	-0.015625	-0.031250	-0.015625	0.026042	0.036458	-0.026042
Objective_function= -3.928505
Correlations_mismatch= 	0.000000	0.000000	0.000000	0.020833	0.010417	0.005208	-0.015625	0.078125	0.005208	0.005208	0.005208	0.005208	0.015625
