Reading supercells...
Initializing random supercells...
Initialization done.
Objective_function= -1.960337
Correlations_mismatch= 	0.093750	-0.010417	0.031250	0.062500	-0.041667	0.078125	-0.015625	0.015625	0.052083	-0.026042	0.036458	0.005208	0.046875
Objective_function= -1.963141
Correlations_mismatch= 	0.093750	-0.041667	0.020833	0.062500	-0.020833	0.046875	-0.046875	-0.015625	0.026042	-0.057292	0.036458	-0.005208	0.005208
Objective_function= -1.971554
Correlations_mismatch= 	0.062500	-0.020833	0.020833	0.062500	-0.010417	0.046875	0.015625	0.015625	0.031250	-0.036458	0.026042	-0.015625	-0.005208
Objective_function= -1.974359
Correlations_mismatch= 	0.031250	-0.062500	0.020833	0.062500	0.000000	0.026042	0.015625	0.015625	0.015625	-0.015625	-0.005208	-0.015625	-0.046875
Objective_function= -3.231264
Correlations_mismatch= 	0.000000	-0.083333	0.010417	0.104167	0.010417	-0.036458	-0.046875	-0.015625	-0.005208	0.005208	-0.046875	0.015625	-0.036458
Objective_function= -3.241681
Correlations_mismatch= 	0.000000	-0.010417	0.000000	-0.020833	-0.114583	-0.026042	0.015625	0.015625	0.005208	0.015625	-0.026042	-0.036458	0.005208
Objective_function= -3.525712
Correlations_mismatch= 	0.000000	0.000000	0.031250	-0.020833	-0.010417	0.067708	0.015625	-0.015625	-0.010417	0.046875	0.005208	0.036458	0.005208
Objective_function= -3.902464
Correlations_mismatch= 	0.000000	0.000000	0.000000	-0.104167	-0.010417	0.046875	-0.078125	0.078125	-0.036458	0.026042	0.057292	-0.036458	-0.005208
Objective_function= -3.911144
Correlations_mismatch= 	0.000000	0.000000	0.000000	0.062500	0.000000	0.005208	0.078125	-0.015625	-0.057292	0.046875	-0.005208	0.057292	0.046875
Objective_function= -3.922863
Correlations_mismatch= 	0.000000	0.000000	0.000000	0.062500	-0.010417	-0.036458	0.046875	0.015625	-0.010417	0.005208	0.005208	-0.036458	-0.005208
Objective_function= -3.923297
Correlations_mismatch= 	0.000000	0.000000	0.000000	-0.020833	0.020833	-0.015625	-0.015625	-0.078125	-0.005208	0.005208	0.026042	-0.005208	0.036458
