Reading supercells...
Initializing random supercells...
Initialization done.
Objective_function= -1.951522
Correlations_mismatch= 	0.125000	0.010417	-0.041667	-0.145833	-0.020833	0.057292	0.078125	0.015625	0.031250	0.057292	0.036458	-0.005208	0.005208
Objective_function= -1.959936
Correlations_mismatch= 	0.093750	0.000000	-0.052083	-0.145833	-0.020833	0.005208	0.046875	-0.078125	0.005208	0.005208	-0.015625	-0.015625	-0.036458
Objective_function= -1.961538
Correlations_mismatch= 	0.062500	0.000000	-0.062500	-0.104167	-0.010417	0.005208	0.046875	-0.078125	-0.026042	0.005208	-0.015625	0.015625	-0.067708
Objective_function= -1.966747
Correlations_mismatch= 	0.031250	0.020833	-0.062500	-0.104167	0.000000	0.026042	0.015625	-0.046875	-0.020833	-0.015625	0.015625	-0.015625	-0.057292
Objective_function= -3.223018
Correlations_mismatch= 	0.000000	-0.041667	-0.041667	-0.062500	0.010417	-0.036458	-0.015625	-0.109375	-0.031250	-0.015625	0.036458	-0.046875	-0.067708
Objective_function= -3.241247
Correlations_mismatch= 	0.000000	-0.020833	-0.041667	-0.020833	-0.031250	-0.015625	-0.015625	-0.015625	-0.010417	-0.015625	0.046875	-0.026042	-0.036458
Objective_function= -3.241681
Correlations_mismatch= 	0.000000	-0.010417	-0.041667	0.062500	0.031250	-0.005208	0.015625	0.015625	-0.026042	-0.026042	-0.026042	0.026042	0.005208
Objective_function= -3.509653
Correlations_mismatch= 	0.000000	0.000000	0.010417	-0.104167	-0.020833	0.046875	0.015625	-0.078125	0.026042	-0.015625	0.036458	-0.078125	0.026042
Objective_function= -3.516163
Correlations_mismatch= 	0.000000	0.000000	0.041667	-0.062500	-0.062500	-0.057292	0.015625	0.015625	-0.020833	0.026042	0.005208	-0.026042	-0.046875
Objective_function= -3.523542
Correlations_mismatch= 	0.000000	0.000000	0.010417	-0.020833	-0.041667	-0.036458	0.046875	0.015625	0.005208	0.046875	-0.046875	-0.005208	-0.015625
Objective_function= -3.904200
Correlations_mismatch= 	0.000000	0.000000	0.000000	-0.062500	-0.062500	0.005208	0.078125	-0.078125	0.036458	-0.098958	0.015625	-0.015625	0.005208
Objective_function= -3.904634
Correlations_mismatch= 	0.000000	0.000000	0.000000	-0.187500	-0.020833	0.005208	0.015625	-0.015625	0.041667	0.026042	0.057292	-0.036458	-0.046875
Objective_function= -3.918957
Correlations_mismatch= 	0.000000	0.000000	0.000000	-0.104167	0.000000	-0.015625	-0.046875	0.015625	0.026042	-0.015625	-0.026042	-0.005208	-0.026042
Objective_function= -3.922863
Correlations_mismatch= 	0.000000	0.000000	0.000000	0.062500	-0.010417	0.067708	-0.015625	-0.046875	-0.010417	0.005208	-0.005208	0.005208	0.005208
Objective_function= -3.925033
Correlations_mismatch= 	0.000000	0.000000	0.000000	-0.020833	-0.031250	0.046875	0.015625	-0.015625	-0.005208	0.026042	-0.005208	-0.026042	0.015625
