Reading supercells...
Initializing random supercells...
Initialization done.
Objective_function= -1.962740
Correlations_mismatch= 	-0.031250	0.031250	-0.083333	0.041667	0.041667	-0.010417	-0.093750	0.031250	0.015625	-0.052083	0.010417	0.000000	0.041667
Objective_function= -1.968349
Correlations_mismatch= 	-0.062500	0.031250	-0.052083	0.083333	0.020833	0.010417	-0.062500	0.000000	0.005208	-0.031250	0.010417	0.000000	0.041667
Objective_function= -1.970353
Correlations_mismatch= 	-0.062500	0.000000	-0.052083	0.041667	0.010417	0.000000	-0.031250	0.062500	-0.031250	0.020833	0.031250	0.031250	0.010417
Objective_function= -1.982372
Correlations_mismatch= 	-0.031250	-0.020833	-0.062500	0.000000	0.010417	-0.020833	0.000000	-0.031250	-0.010417	-0.041667	0.000000	0.000000	0.000000
Objective_function= -3.224320
Correlations_mismatch= 	0.000000	-0.020833	-0.031250	-0.041667	-0.041667	-0.020833	-0.156250	0.031250	0.020833	0.000000	-0.104167	0.000000	-0.031250
Objective_function= -3.226490
Correlations_mismatch= 	0.000000	-0.031250	-0.062500	-0.041667	0.010417	-0.031250	-0.031250	0.062500	0.046875	-0.031250	-0.114583	-0.010417	0.000000
Objective_function= -3.509653
Correlations_mismatch= 	0.000000	0.000000	-0.072917	-0.041667	0.010417	-0.020833	-0.031250	0.062500	0.041667	0.020833	-0.114583	-0.031250	0.010417
Objective_function= -3.517465
Correlations_mismatch= 	0.000000	0.000000	-0.031250	0.000000	-0.052083	0.020833	0.031250	0.062500	0.000000	0.104167	0.010417	-0.031250	0.020833
Objective_function= -3.911578
Correlations_mismatch= 	0.000000	0.000000	0.000000	-0.041667	0.000000	0.000000	0.125000	-0.031250	-0.005208	-0.062500	0.031250	0.062500	-0.010417
Objective_function= -3.913748
Correlations_mismatch= 	0.000000	0.000000	0.000000	0.041667	0.000000	-0.020833	0.031250	0.031250	-0.010417	-0.083333	0.052083	-0.010417	-0.062500
Objective_function= -3.914616
Correlations_mismatch= 	0.000000	0.000000	0.000000	-0.041667	-0.072917	-0.020833	-0.031250	-0.062500	0.031250	0.000000	0.000000	-0.062500	0.010417
Objective_function= -3.916787
Correlations_mismatch= 	0.000000	0.000000	0.000000	-0.041667	-0.031250	0.083333	-0.031250	-0.031250	-0.026042	0.020833	-0.031250	0.000000	0.010417
Objective_function= -4.131375
Correlations_mismatch= 	0.000000	0.000000	0.000000	0.000000	-0.041667	0.041667	-0.062500	0.031250	0.000000	0.020833	0.000000	-0.010417	0.010417
