48
1.00000 0.00000 0.00000 
0.00000 1.00000 0.00000 
-1.00000 -1.00000 -1.00000 

-0.00000 -0.00000 2.00000

1.00000 0.00000 0.00000 
0.00000 1.00000 -0.00000 
0.00000 0.00000 1.00000 

-0.00000 0.00000 0.00000

-1.00000 -1.00000 -1.00000 
0.00000 1.00000 -0.00000 
0.00000 0.00000 1.00000 

2.00000 0.00000 0.00000

-1.00000 -1.00000 -1.00000 
-0.00000 1.00000 0.00000 
1.00000 0.00000 0.00000 

2.00000 0.00000 -0.00000

0.00000 0.00000 1.00000 
0.00000 1.00000 0.00000 
-1.00000 -1.00000 -1.00000 

-0.00000 -0.00000 2.00000

-0.00000 -0.00000 1.00000 
-0.00000 1.00000 0.00000 
1.00000 0.00000 0.00000 

0.00000 0.00000 -0.00000

-1.00000 -1.00000 -1.00000 
1.00000 0.00000 0.00000 
0.00000 0.00000 1.00000 

2.00000 -0.00000 0.00000

1.00000 0.00000 0.00000 
0.00000 0.00000 1.00000 
-1.00000 -1.00000 -1.00000 

-0.00000 -0.00000 2.00000

-1.00000 -1.00000 -1.00000 
-0.00000 -0.00000 1.00000 
1.00000 0.00000 0.00000 

2.00000 0.00000 -0.00000

1.00000 0.00000 0.00000 
-1.00000 -1.00000 -1.00000 
0.00000 0.00000 1.00000 

-0.00000 2.00000 0.00000

0.00000 0.00000 1.00000 
1.00000 0.00000 0.00000 
-1.00000 -1.00000 -1.00000 

-0.00000 -0.00000 2.00000

-0.00000 0.00000 1.00000 
-1.00000 -1.00000 -1.00000 
1.00000 0.00000 0.00000 

-0.00000 2.00000 -0.00000

0.00000 1.00000 0.00000 
1.00000 0.00000 0.00000 
-1.00000 -1.00000 -1.00000 

0.00000 -0.00000 2.00000

-0.00000 1.00000 -0.00000 
1.00000 0.00000 0.00000 
0.00000 0.00000 1.00000 

0.00000 -0.00000 0.00000

0.00000 1.00000 0.00000 
0.00000 0.00000 1.00000 
-1.00000 -1.00000 -1.00000 

0.00000 -0.00000 2.00000

-0.00000 1.00000 -0.00000 
-0.00000 -0.00000 1.00000 
1.00000 0.00000 0.00000 

0.00000 0.00000 -0.00000

0.00000 1.00000 0.00000 
-1.00000 -1.00000 -1.00000 
0.00000 0.00000 1.00000 

0.00000 2.00000 0.00000

-0.00000 1.00000 0.00000 
-1.00000 -1.00000 -1.00000 
1.00000 0.00000 0.00000 

0.00000 2.00000 -0.00000

-1.00000 -0.00000 -0.00000 
1.00000 1.00000 1.00000 
0.00000 -1.00000 0.00000 

1.25000 -0.75000 1.25000

1.00000 1.00000 1.00000 
0.00000 0.00000 -1.00000 
0.00000 -1.00000 0.00000 

-0.75000 1.25000 1.25000

-1.00000 -0.00000 0.00000 
0.00000 0.00000 -1.00000 
0.00000 -1.00000 0.00000 

1.25000 1.25000 1.25000

1.00000 1.00000 1.00000 
-1.00000 -0.00000 -0.00000 
0.00000 -1.00000 0.00000 

-0.75000 1.25000 1.25000

-0.00000 -0.00000 -1.00000 
1.00000 1.00000 1.00000 
0.00000 -1.00000 0.00000 

1.25000 -0.75000 1.25000

0.00000 0.00000 -1.00000 
-1.00000 -0.00000 -0.00000 
0.00000 -1.00000 0.00000 

1.25000 1.25000 1.25000

0.00000 -1.00000 -0.00000 
1.00000 1.00000 1.00000 
-1.00000 -0.00000 -0.00000 

1.25000 -0.75000 1.25000

-0.00000 -1.00000 0.00000 
1.00000 1.00000 1.00000 
0.00000 0.00000 -1.00000 

1.25000 -0.75000 1.25000

0.00000 -1.00000 0.00000 
0.00000 0.00000 -1.00000 
-1.00000 -0.00000 -0.00000 

1.25000 1.25000 1.25000

-0.00000 -1.00000 -0.00000 
-0.00000 -0.00000 -1.00000 
1.00000 1.00000 1.00000 

1.25000 1.25000 -0.75000

0.00000 -1.00000 0.00000 
-1.00000 -0.00000 -0.00000 
0.00000 0.00000 -1.00000 

1.25000 1.25000 1.25000

-0.00000 -1.00000 -0.00000 
-1.00000 -0.00000 -0.00000 
1.00000 1.00000 1.00000 

1.25000 1.25000 -0.75000

-1.00000 -0.00000 -0.00000 
1.00000 1.00000 1.00000 
0.00000 0.00000 -1.00000 

1.25000 -0.75000 1.25000

1.00000 1.00000 1.00000 
0.00000 0.00000 -1.00000 
-1.00000 -0.00000 -0.00000 

-0.75000 1.25000 1.25000

-1.00000 -0.00000 -0.00000 
-0.00000 -0.00000 -1.00000 
1.00000 1.00000 1.00000 

1.25000 1.25000 -0.75000

1.00000 1.00000 1.00000 
-1.00000 -0.00000 -0.00000 
0.00000 0.00000 -1.00000 

-0.75000 1.25000 1.25000

0.00000 -0.00000 -1.00000 
1.00000 1.00000 1.00000 
-1.00000 -0.00000 -0.00000 

1.25000 -0.75000 1.25000

-0.00000 -0.00000 -1.00000 
-1.00000 -0.00000 -0.00000 
1.00000 1.00000 1.00000 

1.25000 1.25000 -0.75000

-1.00000 -1.00000 -1.00000 
1.00000 0.00000 0.00000 
0.00000 1.00000 0.00000 

2.00000 -0.00000 0.00000

1.00000 0.00000 0.00000 
0.00000 -0.00000 1.00000 
0.00000 1.00000 0.00000 

-0.00000 -0.00000 0.00000

-1.00000 -1.00000 -1.00000 
0.00000 -0.00000 1.00000 
0.00000 1.00000 0.00000 

2.00000 -0.00000 0.00000

1.00000 0.00000 0.00000 
-1.00000 -1.00000 -1.00000 
0.00000 1.00000 0.00000 

-0.00000 2.00000 0.00000

-0.00000 -0.00000 1.00000 
1.00000 0.00000 0.00000 
0.00000 1.00000 0.00000 

-0.00000 -0.00000 0.00000

0.00000 0.00000 1.00000 
-1.00000 -1.00000 -1.00000 
0.00000 1.00000 0.00000 

-0.00000 2.00000 0.00000

1.00000 1.00000 1.00000 
0.00000 -1.00000 -0.00000 
-1.00000 -0.00000 -0.00000 

-0.75000 1.25000 1.25000

1.00000 1.00000 1.00000 
0.00000 -1.00000 0.00000 
0.00000 0.00000 -1.00000 

-0.75000 1.25000 1.25000

-1.00000 -0.00000 0.00000 
0.00000 -1.00000 0.00000 
0.00000 0.00000 -1.00000 

1.25000 1.25000 1.25000

-1.00000 -0.00000 -0.00000 
-0.00000 -1.00000 -0.00000 
1.00000 1.00000 1.00000 

1.25000 1.25000 -0.75000

0.00000 0.00000 -1.00000 
0.00000 -1.00000 -0.00000 
-1.00000 -0.00000 -0.00000 

1.25000 1.25000 1.25000

-0.00000 -0.00000 -1.00000 
-0.00000 -1.00000 -0.00000 
1.00000 1.00000 1.00000 

1.25000 1.25000 -0.75000

