Reading supercells...
Initializing random supercells...
Initialization done.
Objective_function= -1.963942
Correlations_mismatch= 	-0.062500	0.000000	0.000000	0.125000	-0.010417	0.083333	0.000000	0.000000	0.010417	0.041667	-0.010417	-0.041667	-0.083333
Objective_function= -3.217809
Correlations_mismatch= 	0.000000	-0.031250	-0.062500	0.041667	-0.010417	0.031250	0.062500	0.062500	0.036458	0.114583	0.093750	0.010417	0.020833
Objective_function= -3.225188
Correlations_mismatch= 	0.000000	-0.031250	-0.052083	0.000000	0.000000	0.031250	0.062500	0.062500	0.041667	0.072917	0.083333	0.031250	0.020833
Objective_function= -3.500538
Correlations_mismatch= 	0.000000	0.000000	0.041667	-0.125000	-0.052083	0.000000	0.000000	-0.093750	-0.026042	-0.104167	-0.031250	0.031250	0.062500
Objective_function= -3.518768
Correlations_mismatch= 	0.000000	0.000000	0.031250	-0.083333	-0.041667	-0.020833	-0.031250	0.000000	-0.015625	0.000000	-0.062500	0.020833	0.041667
Objective_function= -3.519202
Correlations_mismatch= 	0.000000	0.000000	0.020833	-0.083333	-0.031250	0.000000	-0.031250	0.031250	-0.031250	0.020833	-0.031250	0.010417	0.052083
Objective_function= -3.520504
Correlations_mismatch= 	0.000000	0.000000	0.020833	-0.041667	-0.031250	0.020833	-0.031250	0.031250	-0.026042	0.020833	-0.041667	0.000000	0.062500
Objective_function= -4.119657
Correlations_mismatch= 	0.000000	0.000000	0.000000	0.000000	0.031250	-0.041667	0.093750	-0.031250	-0.005208	0.041667	-0.093750	-0.010417	-0.010417
Objective_function= -4.141792
Correlations_mismatch= 	0.000000	0.000000	0.000000	0.000000	0.020833	-0.020833	0.000000	0.000000	0.000000	0.000000	-0.020833	-0.020833	-0.010417
Objective_function= -5.136150
Correlations_mismatch= 	0.000000	0.000000	0.000000	0.000000	0.000000	0.000000	-0.031250	-0.031250	0.026042	0.020833	0.031250	0.010417	0.010417
Objective_function= -5.142226
Correlations_mismatch= 	0.000000	0.000000	0.000000	0.000000	0.000000	0.020833	0.000000	0.000000	-0.005208	0.000000	0.031250	-0.010417	-0.020833
Objective_function= -5.143094
Correlations_mismatch= 	0.000000	0.000000	0.000000	0.000000	0.000000	0.000000	0.000000	-0.031250	-0.005208	0.020833	-0.020833	0.000000	0.000000
