Reading supercells...
Initializing random supercells...
Initialization done.
Objective_function= -1.963942
Correlations_mismatch= 	-0.062500	0.020833	0.020833	0.020833	-0.031250	-0.088542	0.078125	0.015625	-0.005208	0.015625	0.046875	-0.005208	0.057292
Objective_function= -1.964744
Correlations_mismatch= 	-0.062500	0.020833	0.020833	0.020833	-0.010417	-0.088542	0.078125	0.015625	-0.005208	-0.005208	0.067708	-0.005208	0.057292
Objective_function= -3.235604
Correlations_mismatch= 	0.000000	0.010417	0.010417	0.062500	-0.010417	0.005208	0.046875	0.015625	0.026042	-0.015625	0.036458	0.057292	0.067708
Objective_function= -3.535261
Correlations_mismatch= 	0.000000	0.000000	0.010417	-0.020833	-0.010417	0.015625	0.015625	-0.015625	0.010417	0.036458	0.005208	-0.005208	-0.005208
Objective_function= -3.921127
Correlations_mismatch= 	0.000000	0.000000	0.000000	0.062500	-0.031250	0.015625	-0.015625	-0.015625	0.000000	-0.005208	0.005208	0.057292	0.046875
Objective_function= -3.924599
Correlations_mismatch= 	0.000000	0.000000	0.000000	-0.062500	0.010417	-0.005208	0.015625	0.015625	0.000000	-0.005208	-0.005208	-0.046875	-0.046875
Objective_function= -3.933280
Correlations_mismatch= 	0.000000	0.000000	0.000000	-0.020833	-0.010417	0.015625	0.015625	-0.015625	-0.010417	-0.005208	0.005208	-0.005208	-0.005208
Objective_function= -3.933714
Correlations_mismatch= 	0.000000	0.000000	0.000000	-0.020833	0.000000	0.015625	0.015625	-0.015625	-0.005208	0.015625	0.005208	-0.005208	-0.005208
Objective_function= -3.934582
Correlations_mismatch= 	0.000000	0.000000	0.000000	0.020833	0.000000	-0.005208	0.015625	0.015625	0.005208	0.015625	-0.005208	0.005208	0.005208
Objective_function= -3.935450
Correlations_mismatch= 	0.000000	0.000000	0.000000	-0.020833	0.000000	-0.005208	0.015625	-0.015625	-0.005208	-0.005208	-0.005208	-0.005208	-0.005208
